#
# A fatal error has been detected by the Java Runtime Environment:
#
#  EXCEPTION_ACCESS_VIOLATION (0xc0000005) at pc=0x00007ffc173ba483, pid=12000, tid=12068
#
# JRE version: Java(TM) SE Runtime Environment (17.0.12+8) (build 17.0.12+8-LTS-286)
# Java VM: Java HotSpot(TM) 64-Bit Server VM (17.0.12+8-LTS-286, mixed mode, sharing, tiered, compressed oops, compressed class ptrs, g1 gc, windows-amd64)
# Problematic frame:
# V  [jvm.dll+0x2aa483]
#
# No core dump will be written. Minidumps are not enabled by default on client versions of Windows
#
# If you would like to submit a bug report, please visit:
#   https://bugreport.java.com/bugreport/crash.jsp
#

---------------  S U M M A R Y ------------

Command Line: -XX:MaxMetaspaceSize=4G -XX:ReservedCodeCacheSize=512m -XX:+HeapDumpOnOutOfMemoryError --add-opens=java.base/java.util=ALL-UNNAMED --add-opens=java.base/java.lang=ALL-UNNAMED --add-opens=java.base/java.lang.invoke=ALL-UNNAMED --add-opens=java.prefs/java.util.prefs=ALL-UNNAMED --add-exports=jdk.compiler/com.sun.tools.javac.api=ALL-UNNAMED --add-exports=jdk.compiler/com.sun.tools.javac.util=ALL-UNNAMED --add-opens=java.base/java.nio.charset=ALL-UNNAMED --add-opens=java.base/java.net=ALL-UNNAMED --add-opens=java.base/java.util.concurrent.atomic=ALL-UNNAMED -Xmx8G -Dfile.encoding=utf8 -Duser.country=IN -Duser.language=en -Duser.variant -javaagent:C:\Users\HP\.gradle\wrapper\dists\gradle-8.10.2-all\7iv73wktx1xtkvlq19urqw1wm\gradle-8.10.2\lib\agents\gradle-instrumentation-agent-8.10.2.jar org.gradle.launcher.daemon.bootstrap.GradleDaemon 8.10.2

Host: Intel(R) Core(TM) 7 150U, 12 cores, 15G,  Windows 11 , 64 bit Build 26100 (10.0.26100.4202)
Time: Sun Jun 22 11:51:34 2025 India Standard Time elapsed time: 3870.902770 seconds (0d 1h 4m 30s)

---------------  T H R E A D  ---------------

Current thread (0x000001b17f53c510):  JavaThread "C2 CompilerThread0" daemon [_thread_in_native, id=12068, stack(0x0000009c42d00000,0x0000009c42e00000)]


Current CompileTask:
C2:3870903 20673       4       org.gradle.internal.component.model.MultipleCandidateMatcher::recordAndMatchCandidateValue (157 bytes)

Stack: [0x0000009c42d00000,0x0000009c42e00000],  sp=0x0000009c42dfa2b0,  free space=1000k
Native frames: (J=compiled Java code, j=interpreted, Vv=VM code, C=native code)
V  [jvm.dll+0x2aa483]
V  [jvm.dll+0x2aa5cb]
V  [jvm.dll+0x581eb9]
V  [jvm.dll+0x21f422]
V  [jvm.dll+0x21f81f]
V  [jvm.dll+0x218aa0]
V  [jvm.dll+0x215b65]
V  [jvm.dll+0x1a2960]
V  [jvm.dll+0x22610b]
V  [jvm.dll+0x2242ab]
V  [jvm.dll+0x79075c]
V  [jvm.dll+0x78abea]
V  [jvm.dll+0x678f35]
C  [ucrtbase.dll+0x37b0]
C  [KERNEL32.DLL+0x2e8d7]
C  [ntdll.dll+0x3c34c]


siginfo: EXCEPTION_ACCESS_VIOLATION (0xc0000005), reading address 0x00000000800000c0


Registers:
RAX=0x000000000000003c, RBX=0x000001b1c7e65d10, RCX=0x00000000800000c0, RDX=0x000000000000001e
RSP=0x0000009c42dfa2b0, RBP=0x000000000000003d, RSI=0x000000000000003e, RDI=0x0000000000000132
R8 =0x00000000000001be, R9 =0x000001b1cb182208, R10=0x000001b1c8221f48, R11=0x000001b1cb17d7a0
R12=0x0000009c42dfa380, R13=0x00000000000000ee, R14=0x0000009c42dfa380, R15=0x000001b1c8221fb0
RIP=0x00007ffc173ba483, EFLAGS=0x0000000000010202


Register to memory mapping:

RIP=0x00007ffc173ba483 jvm.dll
RAX=0x000000000000003c is an unknown value
RBX=0x000001b1c7e65d10 points into unknown readable memory: 0x000001b1c868c630 | 30 c6 68 c8 b1 01 00 00
RCX=0x00000000800000c0 is an unknown value
RDX=0x000000000000001e is an unknown value
RSP=0x0000009c42dfa2b0 is pointing into the stack for thread: 0x000001b17f53c510
RBP=0x000000000000003d is an unknown value
RSI=0x000000000000003e is an unknown value
RDI=0x0000000000000132 is an unknown value
R8 =0x00000000000001be is an unknown value
R9 =0x000001b1cb182208 points into unknown readable memory: 0x0000000000000000 | 00 00 00 00 00 00 00 00
R10=0x000001b1c8221f48 points into unknown readable memory: 0x00007ffc179cd4f0 | f0 d4 9c 17 fc 7f 00 00
R11=0x000001b1cb17d7a0 points into unknown readable memory: 0x0000000000000000 | 00 00 00 00 00 00 00 00
R12=0x0000009c42dfa380 is pointing into the stack for thread: 0x000001b17f53c510
R13=0x00000000000000ee is an unknown value
R14=0x0000009c42dfa380 is pointing into the stack for thread: 0x000001b17f53c510
R15=0x000001b1c8221fb0 points into unknown readable memory: 0x00007ffc179e1d58 | 58 1d 9e 17 fc 7f 00 00


Top of Stack: (sp=0x0000009c42dfa2b0)
0x0000009c42dfa2b0:   000001b1c7e65d10 0000009c42dfa780
0x0000009c42dfa2c0:   0000000000000000 0000000000000000
0x0000009c42dfa2d0:   000001b1cb182208 000001b1c8221f48
0x0000009c42dfa2e0:   0000000000000000 000001b1c95efe50
0x0000009c42dfa2f0:   0000009c42dfa780 000001b1c95f2b50
0x0000009c42dfa300:   0000000000000000 000001b1c7e63010
0x0000009c42dfa310:   000001b17f534a90 000001b1cb17d7a0
0x0000009c42dfa320:   000001b17e94b9a0 00007ffc173ba5cb
0x0000009c42dfa330:   000001b1cb17d7a0 0000009c42dfa380
0x0000009c42dfa340:   0000009c42dfa780 000001b1c7e63010
0x0000009c42dfa350:   0000000000000001 000001b17f534a90
0x0000009c42dfa360:   000001b1c95efe50 000001b1c95f2b50
0x0000009c42dfa370:   0000000000078220 000001b1c95f7e38
0x0000009c42dfa380:   0000009c00000080 000001b1c7e666a0
0x0000009c42dfa390:   0000000000000080 000001b17f534a90
0x0000009c42dfa3a0:   0000000903397d88 0000000000000000 

Instructions: (pc=0x00007ffc173ba483)
0x00007ffc173ba383:   00 45 8b 47 28 44 3b 40 28 0f 83 c2 00 00 00 48
0x00007ffc173ba393:   8b 40 30 4a 83 3c c0 00 0f 84 b3 00 00 00 41 8b
0x00007ffc173ba3a3:   c8 c1 e9 05 41 3b 0e 73 16 49 8b 46 08 41 8b d0
0x00007ffc173ba3b3:   83 e2 1f 8b 0c 88 0f a3 d1 0f 82 92 00 00 00 48
0x00007ffc173ba3c3:   8b 84 24 98 00 00 00 46 89 2c 80 3b ef 75 77 85
0x00007ffc173ba3d3:   f6 74 0b 8d 46 ff 85 c6 75 04 8b fe eb 0c 0f bd
0x00007ffc173ba3e3:   ce bf 01 00 00 00 ff c1 d3 e7 ba 08 00 00 00 8b
0x00007ffc173ba3f3:   cf e8 87 e9 09 00 45 33 c9 4c 8b f0 85 ed 7e 1e
0x00007ffc173ba403:   48 8b c8 44 8b c5 48 2b d8 44 8b cd 90 48 8b 14
0x00007ffc173ba413:   0b 48 89 11 48 8d 49 08 49 83 e8 01 75 ef 44 3b
0x00007ffc173ba423:   cf 7d 18 49 63 c1 44 8b c7 45 2b c1 33 d2 49 c1
0x00007ffc173ba433:   e0 03 49 8d 0c c6 e8 34 d2 58 00 49 8b de 4c 8b
0x00007ffc173ba443:   b4 24 88 00 00 00 48 63 c5 ff c5 ff c6 4c 89 3c
0x00007ffc173ba453:   c3 4c 8b 54 24 28 45 85 e4 0f 8f fe fe ff ff 4c
0x00007ffc173ba463:   8b 4c 24 20 4c 8b 9c 24 80 00 00 00 41 ff c5 49
0x00007ffc173ba473:   83 c1 50 4c 89 4c 24 20 4c 8b a4 24 88 00 00 00
0x00007ffc173ba483:   85 ed 0f 85 05 fe ff ff 41 8b c5 48 83 c4 38 41
0x00007ffc173ba493:   5f 41 5e 41 5d 41 5c 5f 5e 5d 5b c3 cc 48 89 4c
0x00007ffc173ba4a3:   24 08 53 55 56 57 41 54 41 55 41 56 41 57 48 83
0x00007ffc173ba4b3:   ec 78 65 48 8b 04 25 58 00 00 00 4c 8b f1 8b 15
0x00007ffc173ba4c3:   b1 dd 89 00 48 8b 1c d0 b8 50 00 00 00 80 3c 18
0x00007ffc173ba4d3:   00 75 05 e8 d1 bf 58 00 b8 20 00 00 00 33 d2 48
0x00007ffc173ba4e3:   8b 04 18 48 8b b0 38 02 00 00 48 89 74 24 28 48
0x00007ffc173ba4f3:   8b 46 20 4c 8b 7e 10 4c 8b 6e 18 48 89 44 24 48
0x00007ffc173ba503:   48 8b 46 28 48 89 44 24 40 49 8b 46 10 4c 89 7c
0x00007ffc173ba513:   24 30 4c 89 6c 24 38 8b 88 40 02 00 00 ff c1 48
0x00007ffc173ba523:   8d 0c 89 48 c1 e1 04 e8 b1 61 42 00 49 8b 4e 10
0x00007ffc173ba533:   45 33 e4 48 8b e8 48 89 84 24 d8 00 00 00 8b 91
0x00007ffc173ba543:   40 02 00 00 83 ea 01 4c 63 c2 78 1e 4b 8d 0c 80
0x00007ffc173ba553:   48 c1 e1 04 48 03 c8 66 0f 1f 44 00 00 49 83 e8
0x00007ffc173ba563:   01 4c 89 21 48 8d 49 b0 79 f3 49 8b 46 10 33 d2
0x00007ffc173ba573:   8b 88 40 02 00 00 ff c1 48 c1 e1 02 e8 5c 61 42 


Stack slot to memory mapping:
stack at sp + 0 slots: 0x000001b1c7e65d10 points into unknown readable memory: 0x000001b1c868c630 | 30 c6 68 c8 b1 01 00 00
stack at sp + 1 slots: 0x0000009c42dfa780 is pointing into the stack for thread: 0x000001b17f53c510
stack at sp + 2 slots: 0x0 is NULL
stack at sp + 3 slots: 0x0 is NULL
stack at sp + 4 slots: 0x000001b1cb182208 points into unknown readable memory: 0x0000000000000000 | 00 00 00 00 00 00 00 00
stack at sp + 5 slots: 0x000001b1c8221f48 points into unknown readable memory: 0x00007ffc179cd4f0 | f0 d4 9c 17 fc 7f 00 00
stack at sp + 6 slots: 0x0 is NULL
stack at sp + 7 slots: 0x000001b1c95efe50 points into unknown readable memory: 0x000001b1cb17d790 | 90 d7 17 cb b1 01 00 00


---------------  P R O C E S S  ---------------

Threads class SMR info:
_java_thread_list=0x000001b1c7bbc4a0, length=106, elements={
0x000001b14b844df0, 0x000001b17f525330, 0x000001b17f527c10, 0x000001b17f535bd0,
0x000001b17f5366a0, 0x000001b17f53af90, 0x000001b17f53b860, 0x000001b17f53c510,
0x000001b17f53d2e0, 0x000001b17f559c30, 0x000001b17ea6b540, 0x000001b17f72f920,
0x000001b1c6a6a450, 0x000001b1c53abd70, 0x000001b1c6b49000, 0x000001b1c6648bd0,
0x000001b1c664a520, 0x000001b1c664a010, 0x000001b1c66495f0, 0x000001b1c78729b0,
0x000001b1c7872ec0, 0x000001b1c78724a0, 0x000001b1c78733d0, 0x000001b1c7874300,
0x000001b1c7876160, 0x000001b1c7877ab0, 0x000001b1c78784d0, 0x000001b1c78789e0,
0x000001b1c7876670, 0x000001b1c7875740, 0x000001b1c73d36d0, 0x000001b1c7928f60,
0x000001b1c7929980, 0x000001b1c792c710, 0x000001b1d13714b0, 0x000001b1d1372e00,
0x000001b1d13719c0, 0x000001b1d1371ed0, 0x000001b1d13723e0, 0x000001b1d13728f0,
0x000001b1d1373310, 0x000001b1d1373820, 0x000001b1d1373d30, 0x000001b1d1370580,
0x000001b1d13760a0, 0x000001b1d1376ac0, 0x000001b1d1375b90, 0x000001b1d1375680,
0x000001b1d13765b0, 0x000001b1d13774e0, 0x000001b1d1376fd0, 0x000001b1d13779f0,
0x000001b1d1374240, 0x000001b1d1374c60, 0x000001b1d1377f00, 0x000001b1d1374750,
0x000001b1d1c42f40, 0x000001b1d1c42010, 0x000001b1d1c44380, 0x000001b1d1c42520,
0x000001b1d1c44da0, 0x000001b1d1c43450, 0x000001b1d1c43960, 0x000001b1d1c415f0,
0x000001b1d1c44890, 0x000001b1d1c452b0, 0x000001b1d1c43e70, 0x000001b1d1c41b00,
0x000001b1d1c48550, 0x000001b1d1c45cd0, 0x000001b1cac7c0c0, 0x000001b1d1c47620,
0x000001b1d1c466f0, 0x000001b1d1c461e0, 0x000001b1d1c46c00, 0x000001b1d1c47110,
0x000001b1d1c48040, 0x000001b1d1c48a60, 0x000001b1d1c48f70, 0x000001b1d1c457c0,
0x000001b1d1c49990, 0x000001b1d1c4c210, 0x000001b1d1c4a3b0, 0x000001b1d1c4c720,
0x000001b1d1c4cc30, 0x000001b1d1c49ea0, 0x000001b1d1c4a8c0, 0x000001b1d1c49480,
0x000001b1d1c4b7f0, 0x000001b1d1c4e070, 0x000001b1d1c4b2e0, 0x000001b1d1c4add0,
0x000001b1d1c4e580, 0x000001b1d1c4d140, 0x000001b1d1c4ea90, 0x000001b1d1c4efa0,
0x000001b1d1c4d650, 0x000001b1d1c4db60, 0x000001b1d1c4f4b0, 0x000001b1d1c4bd00,
0x000001b1d1c4f9c0, 0x000001b1d1c503e0, 0x000001b1d1c4fed0, 0x000001b1d1c508f0,
0x000001b1ca92b310, 0x000001b1ca92b820
}

Java Threads: ( => current thread )
  0x000001b14b844df0 JavaThread "main" [_thread_blocked, id=12496, stack(0x0000009c42000000,0x0000009c42100000)]
  0x000001b17f525330 JavaThread "Reference Handler" daemon [_thread_blocked, id=4056, stack(0x0000009c42700000,0x0000009c42800000)]
  0x000001b17f527c10 JavaThread "Finalizer" daemon [_thread_blocked, id=20700, stack(0x0000009c42800000,0x0000009c42900000)]
  0x000001b17f535bd0 JavaThread "Signal Dispatcher" daemon [_thread_blocked, id=17152, stack(0x0000009c42900000,0x0000009c42a00000)]
  0x000001b17f5366a0 JavaThread "Attach Listener" daemon [_thread_blocked, id=13912, stack(0x0000009c42a00000,0x0000009c42b00000)]
  0x000001b17f53af90 JavaThread "Service Thread" daemon [_thread_blocked, id=23056, stack(0x0000009c42b00000,0x0000009c42c00000)]
  0x000001b17f53b860 JavaThread "Monitor Deflation Thread" daemon [_thread_blocked, id=19388, stack(0x0000009c42c00000,0x0000009c42d00000)]
=>0x000001b17f53c510 JavaThread "C2 CompilerThread0" daemon [_thread_in_native, id=12068, stack(0x0000009c42d00000,0x0000009c42e00000)]
  0x000001b17f53d2e0 JavaThread "C1 CompilerThread0" daemon [_thread_blocked, id=5008, stack(0x0000009c42e00000,0x0000009c42f00000)]
  0x000001b17f559c30 JavaThread "Sweeper thread" daemon [_thread_blocked, id=19400, stack(0x0000009c42f00000,0x0000009c43000000)]
  0x000001b17ea6b540 JavaThread "Common-Cleaner" daemon [_thread_blocked, id=5504, stack(0x0000009c43000000,0x0000009c43100000)]
  0x000001b17f72f920 JavaThread "Notification Thread" daemon [_thread_blocked, id=10084, stack(0x0000009c43200000,0x0000009c43300000)]
  0x000001b1c6a6a450 JavaThread "Daemon health stats" [_thread_blocked, id=19644, stack(0x0000009c43a00000,0x0000009c43b00000)]
  0x000001b1c53abd70 JavaThread "Incoming local TCP Connector on port 49832" [_thread_in_native, id=22744, stack(0x0000009c43b00000,0x0000009c43c00000)]
  0x000001b1c6b49000 JavaThread "Daemon periodic checks" [_thread_blocked, id=10184, stack(0x0000009c43c00000,0x0000009c43d00000)]
  0x000001b1c6648bd0 JavaThread "Cache worker for journal cache (C:\Users\HP\.gradle\caches\journal-1)" [_thread_blocked, id=10424, stack(0x0000009c44400000,0x0000009c44500000)]
  0x000001b1c664a520 JavaThread "File lock request listener" [_thread_in_native, id=5316, stack(0x0000009c44500000,0x0000009c44600000)]
  0x000001b1c664a010 JavaThread "Cache worker for file hash cache (C:\Users\HP\.gradle\caches\8.10.2\fileHashes)" [_thread_blocked, id=17564, stack(0x0000009c44600000,0x0000009c44700000)]
  0x000001b1c66495f0 JavaThread "File watcher server" daemon [_thread_in_native, id=10444, stack(0x0000009c44f00000,0x0000009c45000000)]
  0x000001b1c78729b0 JavaThread "File watcher consumer" daemon [_thread_blocked, id=2084, stack(0x0000009c45000000,0x0000009c45100000)]
  0x000001b1c7872ec0 JavaThread "jar transforms" [_thread_blocked, id=18180, stack(0x0000009c45100000,0x0000009c45200000)]
  0x000001b1c78724a0 JavaThread "jar transforms Thread 2" [_thread_blocked, id=6152, stack(0x0000009c45200000,0x0000009c45300000)]
  0x000001b1c78733d0 JavaThread "jar transforms Thread 3" [_thread_blocked, id=17184, stack(0x0000009c45300000,0x0000009c45400000)]
  0x000001b1c7874300 JavaThread "Cache worker for file content cache (C:\Users\HP\.gradle\caches\8.10.2\fileContent)" [_thread_blocked, id=22796, stack(0x0000009c45600000,0x0000009c45700000)]
  0x000001b1c7876160 JavaThread "jar transforms Thread 4" [_thread_blocked, id=14844, stack(0x0000009c43400000,0x0000009c43500000)]
  0x000001b1c7877ab0 JavaThread "jar transforms Thread 5" [_thread_blocked, id=12472, stack(0x0000009c45900000,0x0000009c45a00000)]
  0x000001b1c78784d0 JavaThread "jar transforms Thread 6" [_thread_blocked, id=17852, stack(0x0000009c45b00000,0x0000009c45c00000)]
  0x000001b1c78789e0 JavaThread "jar transforms Thread 7" [_thread_blocked, id=14536, stack(0x0000009c45c00000,0x0000009c45d00000)]
  0x000001b1c7876670 JavaThread "jar transforms Thread 8" [_thread_blocked, id=17904, stack(0x0000009c45d00000,0x0000009c45e00000)]
  0x000001b1c7875740 JavaThread "jar transforms Thread 9" [_thread_blocked, id=21844, stack(0x0000009c45e00000,0x0000009c45f00000)]
  0x000001b1c73d36d0 JavaThread "Memory manager" [_thread_blocked, id=15020, stack(0x0000009c48200000,0x0000009c48300000)]
  0x000001b1c7928f60 JavaThread "jar transforms Thread 10" [_thread_blocked, id=14620, stack(0x0000009c48300000,0x0000009c48400000)]
  0x000001b1c7929980 JavaThread "jar transforms Thread 11" [_thread_blocked, id=1220, stack(0x0000009c4d300000,0x0000009c4d400000)]
  0x000001b1c792c710 JavaThread "jar transforms Thread 12" [_thread_blocked, id=13860, stack(0x0000009c4d400000,0x0000009c4d500000)]
  0x000001b1d13714b0 JavaThread "Daemon Thread 2" [_thread_blocked, id=12824, stack(0x0000009c41d00000,0x0000009c41e00000)]
  0x000001b1d1372e00 JavaThread "Handler for socket connection from /127.0.0.1:49832 to /127.0.0.1:52431" [_thread_in_native, id=9148, stack(0x0000009c41e00000,0x0000009c41f00000)]
  0x000001b1d13719c0 JavaThread "Cancel handler" [_thread_blocked, id=13840, stack(0x0000009c41f00000,0x0000009c42000000)]
  0x000001b1d1371ed0 JavaThread "Daemon worker Thread 2" [_thread_blocked, id=324, stack(0x0000009c43100000,0x0000009c43200000)]
  0x000001b1d13723e0 JavaThread "Asynchronous log dispatcher for DefaultDaemonConnection: socket connection from /127.0.0.1:49832 to /127.0.0.1:52431" [_thread_blocked, id=7972, stack(0x0000009c43d00000,0x0000009c43e00000)]
  0x000001b1d13728f0 JavaThread "Stdin handler" [_thread_blocked, id=21788, stack(0x0000009c43e00000,0x0000009c43f00000)]
  0x000001b1d1373310 JavaThread "Daemon client event forwarder" [_thread_blocked, id=19668, stack(0x0000009c43f00000,0x0000009c44000000)]
  0x000001b1d1373820 JavaThread "Cache worker for file hash cache (D:\Sem_5\Adv_Flutter\android\.gradle\8.10.2\fileHashes)" [_thread_blocked, id=14584, stack(0x0000009c44000000,0x0000009c44100000)]
  0x000001b1d1373d30 JavaThread "Cache worker for Build Output Cleanup Cache (D:\Sem_5\Adv_Flutter\android\.gradle\buildOutputCleanup)" [_thread_blocked, id=4972, stack(0x0000009c44100000,0x0000009c44200000)]
  0x000001b1d1370580 JavaThread "Cache worker for checksums cache (D:\Sem_5\Adv_Flutter\android\.gradle\8.10.2\checksums)" [_thread_blocked, id=12460, stack(0x0000009c44200000,0x0000009c44300000)]
  0x000001b1d13760a0 JavaThread "Cache worker for cache directory md-rule (C:\Users\HP\.gradle\caches\8.10.2\md-rule)" [_thread_blocked, id=9672, stack(0x0000009c44300000,0x0000009c44400000)]
  0x000001b1d1376ac0 JavaThread "Cache worker for cache directory md-supplier (C:\Users\HP\.gradle\caches\8.10.2\md-supplier)" [_thread_blocked, id=12064, stack(0x0000009c44700000,0x0000009c44800000)]
  0x000001b1d1375b90 JavaThread "Cache worker for Build Output Cleanup Cache (D:\flutter\packages\flutter_tools\gradle\.gradle\buildOutputCleanup)" [_thread_blocked, id=14372, stack(0x0000009c44800000,0x0000009c44900000)]
  0x000001b1d1375680 JavaThread "Unconstrained build operations" [_thread_blocked, id=21416, stack(0x0000009c45400000,0x0000009c45500000)]
  0x000001b1d13765b0 JavaThread "Unconstrained build operations Thread 2" [_thread_blocked, id=20200, stack(0x0000009c45700000,0x0000009c45800000)]
  0x000001b1d13774e0 JavaThread "Unconstrained build operations Thread 3" [_thread_blocked, id=11668, stack(0x0000009c45800000,0x0000009c45900000)]
  0x000001b1d1376fd0 JavaThread "Unconstrained build operations Thread 4" [_thread_blocked, id=8620, stack(0x0000009c45a00000,0x0000009c45b00000)]
  0x000001b1d13779f0 JavaThread "Unconstrained build operations Thread 5" [_thread_blocked, id=21368, stack(0x0000009c45f00000,0x0000009c46000000)]
  0x000001b1d1374240 JavaThread "Unconstrained build operations Thread 6" [_thread_blocked, id=12004, stack(0x0000009c46000000,0x0000009c46100000)]
  0x000001b1d1374c60 JavaThread "Unconstrained build operations Thread 7" [_thread_blocked, id=17376, stack(0x0000009c46100000,0x0000009c46200000)]
  0x000001b1d1377f00 JavaThread "Unconstrained build operations Thread 8" [_thread_blocked, id=20688, stack(0x0000009c46200000,0x0000009c46300000)]
  0x000001b1d1374750 JavaThread "Unconstrained build operations Thread 9" [_thread_blocked, id=22504, stack(0x0000009c46300000,0x0000009c46400000)]
  0x000001b1d1c42f40 JavaThread "Unconstrained build operations Thread 10" [_thread_blocked, id=19548, stack(0x0000009c46400000,0x0000009c46500000)]
  0x000001b1d1c42010 JavaThread "Unconstrained build operations Thread 11" [_thread_blocked, id=18704, stack(0x0000009c46500000,0x0000009c46600000)]
  0x000001b1d1c44380 JavaThread "Unconstrained build operations Thread 12" [_thread_blocked, id=18664, stack(0x0000009c46600000,0x0000009c46700000)]
  0x000001b1d1c42520 JavaThread "Unconstrained build operations Thread 13" [_thread_blocked, id=16764, stack(0x0000009c46700000,0x0000009c46800000)]
  0x000001b1d1c44da0 JavaThread "Unconstrained build operations Thread 14" [_thread_blocked, id=2900, stack(0x0000009c46800000,0x0000009c46900000)]
  0x000001b1d1c43450 JavaThread "Unconstrained build operations Thread 15" [_thread_blocked, id=13784, stack(0x0000009c46900000,0x0000009c46a00000)]
  0x000001b1d1c43960 JavaThread "Unconstrained build operations Thread 16" [_thread_blocked, id=3120, stack(0x0000009c46a00000,0x0000009c46b00000)]
  0x000001b1d1c415f0 JavaThread "Unconstrained build operations Thread 17" [_thread_blocked, id=6380, stack(0x0000009c46b00000,0x0000009c46c00000)]
  0x000001b1d1c44890 JavaThread "Unconstrained build operations Thread 18" [_thread_blocked, id=18996, stack(0x0000009c46c00000,0x0000009c46d00000)]
  0x000001b1d1c452b0 JavaThread "Unconstrained build operations Thread 19" [_thread_blocked, id=16452, stack(0x0000009c46d00000,0x0000009c46e00000)]
  0x000001b1d1c43e70 JavaThread "Unconstrained build operations Thread 20" [_thread_blocked, id=20396, stack(0x0000009c46e00000,0x0000009c46f00000)]
  0x000001b1d1c41b00 JavaThread "Unconstrained build operations Thread 21" [_thread_blocked, id=23028, stack(0x0000009c46f00000,0x0000009c47000000)]
  0x000001b1d1c48550 JavaThread "Unconstrained build operations Thread 22" [_thread_blocked, id=21308, stack(0x0000009c47000000,0x0000009c47100000)]
  0x000001b1d1c45cd0 JavaThread "build event listener" [_thread_blocked, id=10012, stack(0x0000009c47100000,0x0000009c47200000)]
  0x000001b1cac7c0c0 JavaThread "C2 CompilerThread1" daemon [_thread_blocked, id=12180, stack(0x0000009c47200000,0x0000009c47300000)]
  0x000001b1d1c47620 JavaThread "included builds" [_thread_blocked, id=10832, stack(0x0000009c47300000,0x0000009c47400000)]
  0x000001b1d1c466f0 JavaThread "Execution worker" [_thread_in_Java, id=17188, stack(0x0000009c47400000,0x0000009c47500000)]
  0x000001b1d1c461e0 JavaThread "Execution worker Thread 2" [_thread_blocked, id=19724, stack(0x0000009c47500000,0x0000009c47600000)]
  0x000001b1d1c46c00 JavaThread "Execution worker Thread 3" [_thread_blocked, id=5924, stack(0x0000009c47600000,0x0000009c47700000)]
  0x000001b1d1c47110 JavaThread "Execution worker Thread 4" [_thread_blocked, id=3716, stack(0x0000009c47700000,0x0000009c47800000)]
  0x000001b1d1c48040 JavaThread "Execution worker Thread 5" [_thread_blocked, id=15436, stack(0x0000009c47800000,0x0000009c47900000)]
  0x000001b1d1c48a60 JavaThread "Execution worker Thread 6" [_thread_blocked, id=11832, stack(0x0000009c47900000,0x0000009c47a00000)]
  0x000001b1d1c48f70 JavaThread "Execution worker Thread 7" [_thread_blocked, id=14376, stack(0x0000009c47a00000,0x0000009c47b00000)]
  0x000001b1d1c457c0 JavaThread "Execution worker Thread 8" [_thread_blocked, id=10360, stack(0x0000009c47b00000,0x0000009c47c00000)]
  0x000001b1d1c49990 JavaThread "Execution worker Thread 9" [_thread_blocked, id=14748, stack(0x0000009c47c00000,0x0000009c47d00000)]
  0x000001b1d1c4c210 JavaThread "Cache worker for execution history cache (D:\flutter\packages\flutter_tools\gradle\.gradle\8.10.2\executionHistory)" [_thread_blocked, id=20040, stack(0x0000009c47d00000,0x0000009c47e00000)]
  0x000001b1d1c4a3b0 JavaThread "Execution worker Thread 10" [_thread_blocked, id=6780, stack(0x0000009c47e00000,0x0000009c47f00000)]
  0x000001b1d1c4c720 JavaThread "Execution worker Thread 11" [_thread_blocked, id=3536, stack(0x0000009c47f00000,0x0000009c48000000)]
  0x000001b1d1c4cc30 JavaThread "Unconstrained build operations Thread 23" [_thread_blocked, id=16396, stack(0x0000009c48000000,0x0000009c48100000)]
  0x000001b1d1c49ea0 JavaThread "Unconstrained build operations Thread 24" [_thread_blocked, id=9584, stack(0x0000009c48100000,0x0000009c48200000)]
  0x000001b1d1c4a8c0 JavaThread "Unconstrained build operations Thread 25" [_thread_blocked, id=1948, stack(0x0000009c48400000,0x0000009c48500000)]
  0x000001b1d1c49480 JavaThread "Unconstrained build operations Thread 26" [_thread_blocked, id=22272, stack(0x0000009c48500000,0x0000009c48600000)]
  0x000001b1d1c4b7f0 JavaThread "Unconstrained build operations Thread 27" [_thread_blocked, id=17052, stack(0x0000009c48600000,0x0000009c48700000)]
  0x000001b1d1c4e070 JavaThread "Unconstrained build operations Thread 28" [_thread_blocked, id=17220, stack(0x0000009c48700000,0x0000009c48800000)]
  0x000001b1d1c4b2e0 JavaThread "Unconstrained build operations Thread 29" [_thread_blocked, id=18168, stack(0x0000009c48800000,0x0000009c48900000)]
  0x000001b1d1c4add0 JavaThread "Unconstrained build operations Thread 30" [_thread_blocked, id=12432, stack(0x0000009c48900000,0x0000009c48a00000)]
  0x000001b1d1c4e580 JavaThread "Unconstrained build operations Thread 31" [_thread_blocked, id=23172, stack(0x0000009c48a00000,0x0000009c48b00000)]
  0x000001b1d1c4d140 JavaThread "Unconstrained build operations Thread 32" [_thread_blocked, id=11548, stack(0x0000009c48b00000,0x0000009c48c00000)]
  0x000001b1d1c4ea90 JavaThread "Unconstrained build operations Thread 33" [_thread_blocked, id=15480, stack(0x0000009c48c00000,0x0000009c48d00000)]
  0x000001b1d1c4efa0 JavaThread "Unconstrained build operations Thread 34" [_thread_blocked, id=12844, stack(0x0000009c48d00000,0x0000009c48e00000)]
  0x000001b1d1c4d650 JavaThread "Unconstrained build operations Thread 35" [_thread_blocked, id=13556, stack(0x0000009c48e00000,0x0000009c48f00000)]
  0x000001b1d1c4db60 JavaThread "Unconstrained build operations Thread 36" [_thread_blocked, id=11180, stack(0x0000009c48f00000,0x0000009c49000000)]
  0x000001b1d1c4f4b0 JavaThread "Unconstrained build operations Thread 37" [_thread_blocked, id=16408, stack(0x0000009c49000000,0x0000009c49100000)]
  0x000001b1d1c4bd00 JavaThread "Unconstrained build operations Thread 38" [_thread_blocked, id=8360, stack(0x0000009c49100000,0x0000009c49200000)]
  0x000001b1d1c4f9c0 JavaThread "Unconstrained build operations Thread 39" [_thread_blocked, id=20364, stack(0x0000009c49200000,0x0000009c49300000)]
  0x000001b1d1c503e0 JavaThread "Unconstrained build operations Thread 40" [_thread_blocked, id=23224, stack(0x0000009c49300000,0x0000009c49400000)]
  0x000001b1d1c4fed0 JavaThread "Unconstrained build operations Thread 41" [_thread_blocked, id=8660, stack(0x0000009c49400000,0x0000009c49500000)]
  0x000001b1d1c508f0 JavaThread "Unconstrained build operations Thread 42" [_thread_blocked, id=15540, stack(0x0000009c49500000,0x0000009c49600000)]
  0x000001b1ca92b310 JavaThread "Unconstrained build operations Thread 43" [_thread_blocked, id=12028, stack(0x0000009c49600000,0x0000009c49700000)]
  0x000001b1ca92b820 JavaThread "Unconstrained build operations Thread 44" [_thread_blocked, id=10972, stack(0x0000009c49700000,0x0000009c49800000)]

Other Threads:
  0x000001b17ea77200 VMThread "VM Thread" [stack: 0x0000009c42600000,0x0000009c42700000] [id=13696]
  0x000001b17e8cb8f0 WatcherThread [stack: 0x0000009c43300000,0x0000009c43400000] [id=21864]
  0x000001b14b8f44a0 GCTaskThread "GC Thread#0" [stack: 0x0000009c42100000,0x0000009c42200000] [id=12476]
  0x000001b1c56065f0 GCTaskThread "GC Thread#1" [stack: 0x0000009c43500000,0x0000009c43600000] [id=21804]
  0x000001b17f853c20 GCTaskThread "GC Thread#2" [stack: 0x0000009c43600000,0x0000009c43700000] [id=19596]
  0x000001b17f853ee0 GCTaskThread "GC Thread#3" [stack: 0x0000009c43700000,0x0000009c43800000] [id=10452]
  0x000001b1c5592650 GCTaskThread "GC Thread#4" [stack: 0x0000009c43800000,0x0000009c43900000] [id=8500]
  0x000001b1c5592910 GCTaskThread "GC Thread#5" [stack: 0x0000009c43900000,0x0000009c43a00000] [id=8608]
  0x000001b1c54240f0 GCTaskThread "GC Thread#6" [stack: 0x0000009c44900000,0x0000009c44a00000] [id=14724]
  0x000001b1c5424eb0 GCTaskThread "GC Thread#7" [stack: 0x0000009c44a00000,0x0000009c44b00000] [id=11720]
  0x000001b1c5424670 GCTaskThread "GC Thread#8" [stack: 0x0000009c44b00000,0x0000009c44c00000] [id=8780]
  0x000001b1c5424bf0 GCTaskThread "GC Thread#9" [stack: 0x0000009c44c00000,0x0000009c44d00000] [id=17516]
  0x000001b14b905fd0 ConcurrentGCThread "G1 Main Marker" [stack: 0x0000009c42200000,0x0000009c42300000] [id=9120]
  0x000001b14b9077a0 ConcurrentGCThread "G1 Conc#0" [stack: 0x0000009c42300000,0x0000009c42400000] [id=11320]
  0x000001b1c5425170 ConcurrentGCThread "G1 Conc#1" [stack: 0x0000009c44d00000,0x0000009c44e00000] [id=15980]
  0x000001b1c54235f0 ConcurrentGCThread "G1 Conc#2" [stack: 0x0000009c44e00000,0x0000009c44f00000] [id=5940]
  0x000001b17e9331f0 ConcurrentGCThread "G1 Refine#0" [stack: 0x0000009c42400000,0x0000009c42500000] [id=13260]
  0x000001b1c6c0cfc0 ConcurrentGCThread "G1 Refine#1" [stack: 0x0000009c45500000,0x0000009c45600000] [id=10584]
  0x000001b17e9339d0 ConcurrentGCThread "G1 Service" [stack: 0x0000009c42500000,0x0000009c42600000] [id=13356]

Threads with active compile tasks:
C2 CompilerThread0  3870951 20673       4       org.gradle.internal.component.model.MultipleCandidateMatcher::recordAndMatchCandidateValue (157 bytes)

VM state: not at safepoint (normal execution)

VM Mutex/Monitor currently owned by a thread: None

Heap address: 0x0000000600000000, size: 8192 MB, Compressed Oops mode: Zero based, Oop shift amount: 3

CDS archive(s) mapped at: [0x000001b180000000-0x000001b180bd0000-0x000001b180bd0000), size 12386304, SharedBaseAddress: 0x000001b180000000, ArchiveRelocationMode: 1.
Compressed class space mapped at: 0x000001b181000000-0x000001b1c1000000, reserved size: 1073741824
Narrow klass base: 0x000001b180000000, Narrow klass shift: 0, Narrow klass range: 0x100000000

GC Precious Log:
 CPUs: 12 total, 12 available
 Memory: 16024M
 Large Page Support: Disabled
 NUMA Support: Disabled
 Compressed Oops: Enabled (Zero based)
 Heap Region Size: 4M
 Heap Min Capacity: 8M
 Heap Initial Capacity: 252M
 Heap Max Capacity: 8G
 Pre-touch: Disabled
 Parallel Workers: 10
 Concurrent Workers: 3
 Concurrent Refinement Workers: 10
 Periodic GC: Disabled

Heap:
 garbage-first heap   total 819200K, used 585664K [0x0000000600000000, 0x0000000800000000)
  region size 4096K, 87 young (356352K), 6 survivors (24576K)
 Metaspace       used 119236K, committed 120896K, reserved 1179648K
  class space    used 16511K, committed 17280K, reserved 1048576K

Heap Regions: E=young(eden), S=young(survivor), O=old, HS=humongous(starts), HC=humongous(continues), CS=collection set, F=free, OA=open archive, CA=closed archive, TAMS=top-at-mark-start (previous, next)
|   0|0x0000000600000000, 0x0000000600400000, 0x0000000600400000|100%|HS|  |TAMS 0x0000000600400000, 0x0000000600000000| Complete 
|   1|0x0000000600400000, 0x0000000600800000, 0x0000000600800000|100%| O|  |TAMS 0x0000000600800000, 0x0000000600400000| Untracked 
|   2|0x0000000600800000, 0x0000000600c00000, 0x0000000600c00000|100%| O|  |TAMS 0x0000000600c00000, 0x0000000600800000| Untracked 
|   3|0x0000000600c00000, 0x0000000601000000, 0x0000000601000000|100%| O|  |TAMS 0x0000000601000000, 0x0000000600c00000| Untracked 
|   4|0x0000000601000000, 0x0000000601400000, 0x0000000601400000|100%| O|  |TAMS 0x0000000601400000, 0x0000000601000000| Untracked 
|   5|0x0000000601400000, 0x0000000601800000, 0x0000000601800000|100%| O|  |TAMS 0x0000000601800000, 0x0000000601400000| Untracked 
|   6|0x0000000601800000, 0x0000000601c00000, 0x0000000601c00000|100%| O|  |TAMS 0x0000000601c00000, 0x0000000601800000| Untracked 
|   7|0x0000000601c00000, 0x0000000602000000, 0x0000000602000000|100%| O|  |TAMS 0x0000000602000000, 0x0000000601c00000| Untracked 
|   8|0x0000000602000000, 0x0000000602400000, 0x0000000602400000|100%| O|  |TAMS 0x0000000602400000, 0x0000000602000000| Untracked 
|   9|0x0000000602400000, 0x0000000602800000, 0x0000000602800000|100%| O|  |TAMS 0x0000000602800000, 0x0000000602400000| Untracked 
|  10|0x0000000602800000, 0x0000000602c00000, 0x0000000602c00000|100%| O|  |TAMS 0x0000000602c00000, 0x0000000602800000| Untracked 
|  11|0x0000000602c00000, 0x0000000603000000, 0x0000000603000000|100%| O|  |TAMS 0x0000000603000000, 0x0000000602c00000| Untracked 
|  12|0x0000000603000000, 0x0000000603400000, 0x0000000603400000|100%|HS|  |TAMS 0x0000000603000000, 0x0000000603000000| Complete 
|  13|0x0000000603400000, 0x0000000603800000, 0x0000000603800000|100%|HS|  |TAMS 0x0000000603800000, 0x0000000603400000| Complete 
|  14|0x0000000603800000, 0x0000000603c00000, 0x0000000603c00000|100%|HS|  |TAMS 0x0000000603c00000, 0x0000000603800000| Complete 
|  15|0x0000000603c00000, 0x0000000604000000, 0x0000000604000000|100%| O|  |TAMS 0x0000000604000000, 0x0000000603c00000| Untracked 
|  16|0x0000000604000000, 0x0000000604400000, 0x0000000604400000|100%| O|  |TAMS 0x0000000604400000, 0x0000000604000000| Untracked 
|  17|0x0000000604400000, 0x0000000604800000, 0x0000000604800000|100%| O|  |TAMS 0x0000000604800000, 0x0000000604400000| Untracked 
|  18|0x0000000604800000, 0x0000000604c00000, 0x0000000604c00000|100%| O|  |TAMS 0x0000000604800000, 0x0000000604800000| Untracked 
|  19|0x0000000604c00000, 0x0000000605000000, 0x0000000605000000|100%|HS|  |TAMS 0x0000000605000000, 0x0000000604c00000| Complete 
|  20|0x0000000605000000, 0x0000000605400000, 0x0000000605400000|100%| O|  |TAMS 0x0000000605400000, 0x0000000605000000| Untracked 
|  21|0x0000000605400000, 0x0000000605800000, 0x0000000605800000|100%| O|  |TAMS 0x0000000605800000, 0x0000000605400000| Untracked 
|  22|0x0000000605800000, 0x0000000605c00000, 0x0000000605c00000|100%| O|  |TAMS 0x0000000605c00000, 0x0000000605800000| Untracked 
|  23|0x0000000605c00000, 0x0000000606000000, 0x0000000606000000|100%| O|  |TAMS 0x0000000606000000, 0x0000000605c00000| Untracked 
|  24|0x0000000606000000, 0x0000000606400000, 0x0000000606400000|100%| O|  |TAMS 0x0000000606000000, 0x0000000606000000| Untracked 
|  25|0x0000000606400000, 0x0000000606800000, 0x0000000606800000|100%| O|  |TAMS 0x0000000606800000, 0x0000000606400000| Untracked 
|  26|0x0000000606800000, 0x0000000606c00000, 0x0000000606c00000|100%| O|  |TAMS 0x0000000606c00000, 0x0000000606800000| Untracked 
|  27|0x0000000606c00000, 0x0000000607000000, 0x0000000607000000|100%|HS|  |TAMS 0x0000000607000000, 0x0000000606c00000| Complete 
|  28|0x0000000607000000, 0x0000000607400000, 0x0000000607400000|100%| O|  |TAMS 0x0000000607400000, 0x0000000607000000| Untracked 
|  29|0x0000000607400000, 0x0000000607800000, 0x0000000607800000|100%| O|  |TAMS 0x0000000607800000, 0x0000000607400000| Untracked 
|  30|0x0000000607800000, 0x0000000607c00000, 0x0000000607c00000|100%| O|  |TAMS 0x0000000607800000, 0x0000000607800000| Untracked 
|  31|0x0000000607c00000, 0x0000000608000000, 0x0000000608000000|100%|HS|  |TAMS 0x0000000608000000, 0x0000000607c00000| Complete 
|  32|0x0000000608000000, 0x0000000608400000, 0x0000000608400000|100%| O|  |TAMS 0x0000000608400000, 0x0000000608000000| Untracked 
|  33|0x0000000608400000, 0x0000000608800000, 0x0000000608800000|100%| O|  |TAMS 0x0000000608800000, 0x0000000608400000| Untracked 
|  34|0x0000000608800000, 0x0000000608c00000, 0x0000000608c00000|100%| O|  |TAMS 0x0000000608c00000, 0x0000000608800000| Untracked 
|  35|0x0000000608c00000, 0x0000000609000000, 0x0000000609000000|100%| O|  |TAMS 0x0000000608c00000, 0x0000000608c00000| Untracked 
|  36|0x0000000609000000, 0x0000000609400000, 0x0000000609400000|100%| O|  |TAMS 0x0000000609400000, 0x0000000609000000| Untracked 
|  37|0x0000000609400000, 0x0000000609800000, 0x0000000609800000|100%| O|  |TAMS 0x0000000609800000, 0x0000000609400000| Untracked 
|  38|0x0000000609800000, 0x0000000609c00000, 0x0000000609c00000|100%| O|  |TAMS 0x0000000609c00000, 0x0000000609800000| Untracked 
|  39|0x0000000609c00000, 0x000000060a000000, 0x000000060a000000|100%| O|  |TAMS 0x000000060a000000, 0x0000000609c00000| Untracked 
|  40|0x000000060a000000, 0x000000060a400000, 0x000000060a400000|100%| O|  |TAMS 0x000000060a000000, 0x000000060a000000| Untracked 
|  41|0x000000060a400000, 0x000000060a800000, 0x000000060a800000|100%| O|  |TAMS 0x000000060a800000, 0x000000060a400000| Untracked 
|  42|0x000000060a800000, 0x000000060ac00000, 0x000000060ac00000|100%| O|  |TAMS 0x000000060ac00000, 0x000000060a800000| Untracked 
|  43|0x000000060ac00000, 0x000000060b000000, 0x000000060b000000|100%| O|  |TAMS 0x000000060ac00000, 0x000000060ac00000| Untracked 
|  44|0x000000060b000000, 0x000000060b400000, 0x000000060b400000|100%| O|  |TAMS 0x000000060b400000, 0x000000060b000000| Untracked 
|  45|0x000000060b400000, 0x000000060b800000, 0x000000060b800000|100%| O|  |TAMS 0x000000060b400000, 0x000000060b400000| Untracked 
|  46|0x000000060b800000, 0x000000060bc00000, 0x000000060bc00000|100%| O|  |TAMS 0x000000060b800000, 0x000000060b800000| Untracked 
|  47|0x000000060bc00000, 0x000000060c000000, 0x000000060c000000|100%| O|  |TAMS 0x000000060c000000, 0x000000060bc00000| Untracked 
|  48|0x000000060c000000, 0x000000060c400000, 0x000000060c400000|100%| O|  |TAMS 0x000000060c400000, 0x000000060c000000| Untracked 
|  49|0x000000060c400000, 0x000000060c800000, 0x000000060c800000|100%| O|  |TAMS 0x000000060c800000, 0x000000060c400000| Untracked 
|  50|0x000000060c800000, 0x000000060cc00000, 0x000000060cc00000|100%| O|  |TAMS 0x000000060cc00000, 0x000000060c800000| Untracked 
|  51|0x000000060cc00000, 0x000000060d000000, 0x000000060d000000|100%| O|  |TAMS 0x000000060cf33200, 0x000000060cc00000| Untracked 
|  52|0x000000060d000000, 0x000000060d400000, 0x000000060d400000|100%| O|  |TAMS 0x000000060d000000, 0x000000060d000000| Untracked 
|  53|0x000000060d400000, 0x000000060d800000, 0x000000060d800000|100%| O|  |TAMS 0x000000060d400000, 0x000000060d400000| Untracked 
|  54|0x000000060d800000, 0x000000060dc00000, 0x000000060dc00000|100%| O|  |TAMS 0x000000060d800000, 0x000000060d800000| Untracked 
|  55|0x000000060dc00000, 0x000000060e000000, 0x000000060e000000|100%| O|  |TAMS 0x000000060dc00000, 0x000000060dc00000| Untracked 
|  56|0x000000060e000000, 0x000000060e400000, 0x000000060e400000|100%| O|  |TAMS 0x000000060e000000, 0x000000060e000000| Untracked 
|  57|0x000000060e400000, 0x000000060e800000, 0x000000060e800000|100%| O|  |TAMS 0x000000060e400000, 0x000000060e400000| Untracked 
|  58|0x000000060e800000, 0x000000060e99ac00, 0x000000060ec00000| 40%| O|  |TAMS 0x000000060e800000, 0x000000060e800000| Untracked 
|  59|0x000000060ec00000, 0x000000060ec00000, 0x000000060f000000|  0%| F|  |TAMS 0x000000060ec00000, 0x000000060ec00000| Untracked 
|  60|0x000000060f000000, 0x000000060f000000, 0x000000060f400000|  0%| F|  |TAMS 0x000000060f000000, 0x000000060f000000| Untracked 
|  61|0x000000060f400000, 0x000000060f400000, 0x000000060f800000|  0%| F|  |TAMS 0x000000060f400000, 0x000000060f400000| Untracked 
|  62|0x000000060f800000, 0x000000060f800000, 0x000000060fc00000|  0%| F|  |TAMS 0x000000060f800000, 0x000000060f800000| Untracked 
|  63|0x000000060fc00000, 0x000000060fc00000, 0x0000000610000000|  0%| F|  |TAMS 0x000000060fc00000, 0x000000060fc00000| Untracked 
|  64|0x0000000610000000, 0x0000000610000000, 0x0000000610400000|  0%| F|  |TAMS 0x0000000610000000, 0x0000000610000000| Untracked 
|  65|0x0000000610400000, 0x0000000610400000, 0x0000000610800000|  0%| F|  |TAMS 0x0000000610400000, 0x0000000610400000| Untracked 
|  66|0x0000000610800000, 0x0000000610800000, 0x0000000610c00000|  0%| F|  |TAMS 0x0000000610800000, 0x0000000610800000| Untracked 
|  67|0x0000000610c00000, 0x0000000610c00000, 0x0000000611000000|  0%| F|  |TAMS 0x0000000610c00000, 0x0000000610c00000| Untracked 
|  68|0x0000000611000000, 0x0000000611000000, 0x0000000611400000|  0%| F|  |TAMS 0x0000000611000000, 0x0000000611000000| Untracked 
|  69|0x0000000611400000, 0x0000000611400000, 0x0000000611800000|  0%| F|  |TAMS 0x0000000611400000, 0x0000000611400000| Untracked 
|  70|0x0000000611800000, 0x0000000611800000, 0x0000000611c00000|  0%| F|  |TAMS 0x0000000611800000, 0x0000000611800000| Untracked 
|  71|0x0000000611c00000, 0x0000000611c00000, 0x0000000612000000|  0%| F|  |TAMS 0x0000000611c00000, 0x0000000611c00000| Untracked 
|  72|0x0000000612000000, 0x0000000612000000, 0x0000000612400000|  0%| F|  |TAMS 0x0000000612000000, 0x0000000612000000| Untracked 
|  73|0x0000000612400000, 0x0000000612400000, 0x0000000612800000|  0%| F|  |TAMS 0x0000000612400000, 0x0000000612400000| Untracked 
|  74|0x0000000612800000, 0x0000000612800000, 0x0000000612c00000|  0%| F|  |TAMS 0x0000000612800000, 0x0000000612800000| Untracked 
|  75|0x0000000612c00000, 0x0000000612c00000, 0x0000000613000000|  0%| F|  |TAMS 0x0000000612c00000, 0x0000000612c00000| Untracked 
|  76|0x0000000613000000, 0x0000000613000000, 0x0000000613400000|  0%| F|  |TAMS 0x0000000613000000, 0x0000000613000000| Untracked 
|  77|0x0000000613400000, 0x0000000613400000, 0x0000000613800000|  0%| F|  |TAMS 0x0000000613400000, 0x0000000613400000| Untracked 
|  78|0x0000000613800000, 0x0000000613800000, 0x0000000613c00000|  0%| F|  |TAMS 0x0000000613800000, 0x0000000613800000| Untracked 
|  79|0x0000000613c00000, 0x0000000613c00000, 0x0000000614000000|  0%| F|  |TAMS 0x0000000613c00000, 0x0000000613c00000| Untracked 
|  80|0x0000000614000000, 0x0000000614000000, 0x0000000614400000|  0%| F|  |TAMS 0x0000000614000000, 0x0000000614000000| Untracked 
|  81|0x0000000614400000, 0x0000000614400000, 0x0000000614800000|  0%| F|  |TAMS 0x0000000614400000, 0x0000000614400000| Untracked 
|  82|0x0000000614800000, 0x0000000614800000, 0x0000000614c00000|  0%| F|  |TAMS 0x0000000614800000, 0x0000000614800000| Untracked 
|  83|0x0000000614c00000, 0x0000000614c00000, 0x0000000615000000|  0%| F|  |TAMS 0x0000000614c00000, 0x0000000614c00000| Untracked 
|  84|0x0000000615000000, 0x0000000615000000, 0x0000000615400000|  0%| F|  |TAMS 0x0000000615000000, 0x0000000615000000| Untracked 
|  85|0x0000000615400000, 0x0000000615400000, 0x0000000615800000|  0%| F|  |TAMS 0x0000000615400000, 0x0000000615400000| Untracked 
|  86|0x0000000615800000, 0x0000000615800000, 0x0000000615c00000|  0%| F|  |TAMS 0x0000000615800000, 0x0000000615800000| Untracked 
|  87|0x0000000615c00000, 0x0000000615c00000, 0x0000000616000000|  0%| F|  |TAMS 0x0000000615c00000, 0x0000000615c00000| Untracked 
|  88|0x0000000616000000, 0x0000000616000000, 0x0000000616400000|  0%| F|  |TAMS 0x0000000616000000, 0x0000000616000000| Untracked 
|  89|0x0000000616400000, 0x0000000616400000, 0x0000000616800000|  0%| F|  |TAMS 0x0000000616400000, 0x0000000616400000| Untracked 
|  90|0x0000000616800000, 0x0000000616800000, 0x0000000616c00000|  0%| F|  |TAMS 0x0000000616800000, 0x0000000616800000| Untracked 
|  91|0x0000000616c00000, 0x0000000616c00000, 0x0000000617000000|  0%| F|  |TAMS 0x0000000616c00000, 0x0000000616c00000| Untracked 
|  92|0x0000000617000000, 0x0000000617000000, 0x0000000617400000|  0%| F|  |TAMS 0x0000000617000000, 0x0000000617000000| Untracked 
|  93|0x0000000617400000, 0x0000000617400000, 0x0000000617800000|  0%| F|  |TAMS 0x0000000617400000, 0x0000000617400000| Untracked 
|  94|0x0000000617800000, 0x0000000617800000, 0x0000000617c00000|  0%| F|  |TAMS 0x0000000617800000, 0x0000000617800000| Untracked 
|  95|0x0000000617c00000, 0x0000000617e55670, 0x0000000618000000| 58%| S|CS|TAMS 0x0000000617c00000, 0x0000000617c00000| Complete 
|  96|0x0000000618000000, 0x0000000618400000, 0x0000000618400000|100%| S|CS|TAMS 0x0000000618000000, 0x0000000618000000| Complete 
|  97|0x0000000618400000, 0x0000000618800000, 0x0000000618800000|100%| S|CS|TAMS 0x0000000618400000, 0x0000000618400000| Complete 
|  98|0x0000000618800000, 0x0000000618c00000, 0x0000000618c00000|100%| S|CS|TAMS 0x0000000618800000, 0x0000000618800000| Complete 
|  99|0x0000000618c00000, 0x0000000619000000, 0x0000000619000000|100%| S|CS|TAMS 0x0000000618c00000, 0x0000000618c00000| Complete 
| 100|0x0000000619000000, 0x0000000619400000, 0x0000000619400000|100%| S|CS|TAMS 0x0000000619000000, 0x0000000619000000| Complete 
| 101|0x0000000619400000, 0x0000000619400000, 0x0000000619800000|  0%| F|  |TAMS 0x0000000619400000, 0x0000000619400000| Untracked 
| 102|0x0000000619800000, 0x0000000619800000, 0x0000000619c00000|  0%| F|  |TAMS 0x0000000619800000, 0x0000000619800000| Untracked 
| 103|0x0000000619c00000, 0x0000000619c00000, 0x000000061a000000|  0%| F|  |TAMS 0x0000000619c00000, 0x0000000619c00000| Untracked 
| 104|0x000000061a000000, 0x000000061a000000, 0x000000061a400000|  0%| F|  |TAMS 0x000000061a000000, 0x000000061a000000| Untracked 
| 105|0x000000061a400000, 0x000000061a400000, 0x000000061a800000|  0%| F|  |TAMS 0x000000061a400000, 0x000000061a400000| Untracked 
| 106|0x000000061a800000, 0x000000061a800000, 0x000000061ac00000|  0%| F|  |TAMS 0x000000061a800000, 0x000000061a800000| Untracked 
| 107|0x000000061ac00000, 0x000000061ac00000, 0x000000061b000000|  0%| F|  |TAMS 0x000000061ac00000, 0x000000061ac00000| Untracked 
| 108|0x000000061b000000, 0x000000061b000000, 0x000000061b400000|  0%| F|  |TAMS 0x000000061b000000, 0x000000061b000000| Untracked 
| 109|0x000000061b400000, 0x000000061b400000, 0x000000061b800000|  0%| F|  |TAMS 0x000000061b400000, 0x000000061b400000| Untracked 
| 110|0x000000061b800000, 0x000000061b800000, 0x000000061bc00000|  0%| F|  |TAMS 0x000000061b800000, 0x000000061b800000| Untracked 
| 111|0x000000061bc00000, 0x000000061bc00000, 0x000000061c000000|  0%| F|  |TAMS 0x000000061bc00000, 0x000000061bc00000| Untracked 
| 112|0x000000061c000000, 0x000000061c000000, 0x000000061c400000|  0%| F|  |TAMS 0x000000061c000000, 0x000000061c000000| Untracked 
| 113|0x000000061c400000, 0x000000061c400000, 0x000000061c800000|  0%| F|  |TAMS 0x000000061c400000, 0x000000061c400000| Untracked 
| 114|0x000000061c800000, 0x000000061c800000, 0x000000061cc00000|  0%| F|  |TAMS 0x000000061c800000, 0x000000061c800000| Untracked 
| 115|0x000000061cc00000, 0x000000061cc00000, 0x000000061d000000|  0%| F|  |TAMS 0x000000061cc00000, 0x000000061cc00000| Untracked 
| 116|0x000000061d000000, 0x000000061d000000, 0x000000061d400000|  0%| F|  |TAMS 0x000000061d000000, 0x000000061d000000| Untracked 
| 117|0x000000061d400000, 0x000000061d400000, 0x000000061d800000|  0%| F|  |TAMS 0x000000061d400000, 0x000000061d400000| Untracked 
| 118|0x000000061d800000, 0x000000061d800000, 0x000000061dc00000|  0%| F|  |TAMS 0x000000061d800000, 0x000000061d800000| Untracked 
| 119|0x000000061dc00000, 0x000000061dd84d90, 0x000000061e000000| 37%| E|  |TAMS 0x000000061dc00000, 0x000000061dc00000| Complete 
| 120|0x000000061e000000, 0x000000061e400000, 0x000000061e400000|100%| E|CS|TAMS 0x000000061e000000, 0x000000061e000000| Complete 
| 121|0x000000061e400000, 0x000000061e800000, 0x000000061e800000|100%| E|CS|TAMS 0x000000061e400000, 0x000000061e400000| Complete 
| 122|0x000000061e800000, 0x000000061ec00000, 0x000000061ec00000|100%| E|CS|TAMS 0x000000061e800000, 0x000000061e800000| Complete 
| 123|0x000000061ec00000, 0x000000061f000000, 0x000000061f000000|100%| E|CS|TAMS 0x000000061ec00000, 0x000000061ec00000| Complete 
| 124|0x000000061f000000, 0x000000061f400000, 0x000000061f400000|100%| E|CS|TAMS 0x000000061f000000, 0x000000061f000000| Complete 
| 125|0x000000061f400000, 0x000000061f800000, 0x000000061f800000|100%| E|CS|TAMS 0x000000061f400000, 0x000000061f400000| Complete 
| 126|0x000000061f800000, 0x000000061fc00000, 0x000000061fc00000|100%| E|CS|TAMS 0x000000061f800000, 0x000000061f800000| Complete 
| 127|0x000000061fc00000, 0x0000000620000000, 0x0000000620000000|100%| E|CS|TAMS 0x000000061fc00000, 0x000000061fc00000| Complete 
| 128|0x0000000620000000, 0x0000000620400000, 0x0000000620400000|100%| E|CS|TAMS 0x0000000620000000, 0x0000000620000000| Complete 
| 129|0x0000000620400000, 0x0000000620800000, 0x0000000620800000|100%| E|CS|TAMS 0x0000000620400000, 0x0000000620400000| Complete 
| 130|0x0000000620800000, 0x0000000620c00000, 0x0000000620c00000|100%| E|CS|TAMS 0x0000000620800000, 0x0000000620800000| Complete 
| 131|0x0000000620c00000, 0x0000000621000000, 0x0000000621000000|100%| E|CS|TAMS 0x0000000620c00000, 0x0000000620c00000| Complete 
| 132|0x0000000621000000, 0x0000000621400000, 0x0000000621400000|100%| E|CS|TAMS 0x0000000621000000, 0x0000000621000000| Complete 
| 133|0x0000000621400000, 0x0000000621800000, 0x0000000621800000|100%| E|CS|TAMS 0x0000000621400000, 0x0000000621400000| Complete 
| 134|0x0000000621800000, 0x0000000621c00000, 0x0000000621c00000|100%| E|  |TAMS 0x0000000621800000, 0x0000000621800000| Complete 
| 135|0x0000000621c00000, 0x0000000622000000, 0x0000000622000000|100%| E|CS|TAMS 0x0000000621c00000, 0x0000000621c00000| Complete 
| 136|0x0000000622000000, 0x0000000622400000, 0x0000000622400000|100%| E|CS|TAMS 0x0000000622000000, 0x0000000622000000| Complete 
| 137|0x0000000622400000, 0x0000000622800000, 0x0000000622800000|100%| E|CS|TAMS 0x0000000622400000, 0x0000000622400000| Complete 
| 138|0x0000000622800000, 0x0000000622c00000, 0x0000000622c00000|100%| E|CS|TAMS 0x0000000622800000, 0x0000000622800000| Complete 
| 139|0x0000000622c00000, 0x0000000623000000, 0x0000000623000000|100%| E|CS|TAMS 0x0000000622c00000, 0x0000000622c00000| Complete 
| 140|0x0000000623000000, 0x0000000623400000, 0x0000000623400000|100%| E|CS|TAMS 0x0000000623000000, 0x0000000623000000| Complete 
| 141|0x0000000623400000, 0x0000000623800000, 0x0000000623800000|100%| E|CS|TAMS 0x0000000623400000, 0x0000000623400000| Complete 
| 142|0x0000000623800000, 0x0000000623c00000, 0x0000000623c00000|100%| E|CS|TAMS 0x0000000623800000, 0x0000000623800000| Complete 
| 143|0x0000000623c00000, 0x0000000624000000, 0x0000000624000000|100%| E|CS|TAMS 0x0000000623c00000, 0x0000000623c00000| Complete 
| 144|0x0000000624000000, 0x0000000624400000, 0x0000000624400000|100%| E|CS|TAMS 0x0000000624000000, 0x0000000624000000| Complete 
| 145|0x0000000624400000, 0x0000000624800000, 0x0000000624800000|100%| E|CS|TAMS 0x0000000624400000, 0x0000000624400000| Complete 
| 146|0x0000000624800000, 0x0000000624c00000, 0x0000000624c00000|100%| E|CS|TAMS 0x0000000624800000, 0x0000000624800000| Complete 
| 147|0x0000000624c00000, 0x0000000625000000, 0x0000000625000000|100%| E|CS|TAMS 0x0000000624c00000, 0x0000000624c00000| Complete 
| 148|0x0000000625000000, 0x0000000625400000, 0x0000000625400000|100%| E|CS|TAMS 0x0000000625000000, 0x0000000625000000| Complete 
| 149|0x0000000625400000, 0x0000000625800000, 0x0000000625800000|100%| E|CS|TAMS 0x0000000625400000, 0x0000000625400000| Complete 
| 150|0x0000000625800000, 0x0000000625c00000, 0x0000000625c00000|100%| E|CS|TAMS 0x0000000625800000, 0x0000000625800000| Complete 
| 151|0x0000000625c00000, 0x0000000626000000, 0x0000000626000000|100%| E|CS|TAMS 0x0000000625c00000, 0x0000000625c00000| Complete 
| 152|0x0000000626000000, 0x0000000626400000, 0x0000000626400000|100%| E|CS|TAMS 0x0000000626000000, 0x0000000626000000| Complete 
| 153|0x0000000626400000, 0x0000000626800000, 0x0000000626800000|100%| E|CS|TAMS 0x0000000626400000, 0x0000000626400000| Complete 
| 154|0x0000000626800000, 0x0000000626c00000, 0x0000000626c00000|100%| E|CS|TAMS 0x0000000626800000, 0x0000000626800000| Complete 
| 155|0x0000000626c00000, 0x0000000627000000, 0x0000000627000000|100%| E|CS|TAMS 0x0000000626c00000, 0x0000000626c00000| Complete 
| 156|0x0000000627000000, 0x0000000627400000, 0x0000000627400000|100%| E|CS|TAMS 0x0000000627000000, 0x0000000627000000| Complete 
| 157|0x0000000627400000, 0x0000000627800000, 0x0000000627800000|100%| E|CS|TAMS 0x0000000627400000, 0x0000000627400000| Complete 
| 158|0x0000000627800000, 0x0000000627c00000, 0x0000000627c00000|100%| E|CS|TAMS 0x0000000627800000, 0x0000000627800000| Complete 
| 159|0x0000000627c00000, 0x0000000628000000, 0x0000000628000000|100%| E|CS|TAMS 0x0000000627c00000, 0x0000000627c00000| Complete 
| 160|0x0000000628000000, 0x0000000628400000, 0x0000000628400000|100%| E|CS|TAMS 0x0000000628000000, 0x0000000628000000| Complete 
| 161|0x0000000628400000, 0x0000000628800000, 0x0000000628800000|100%| E|CS|TAMS 0x0000000628400000, 0x0000000628400000| Complete 
| 162|0x0000000628800000, 0x0000000628c00000, 0x0000000628c00000|100%| E|CS|TAMS 0x0000000628800000, 0x0000000628800000| Complete 
| 163|0x0000000628c00000, 0x0000000629000000, 0x0000000629000000|100%| E|CS|TAMS 0x0000000628c00000, 0x0000000628c00000| Complete 
| 164|0x0000000629000000, 0x0000000629400000, 0x0000000629400000|100%| E|CS|TAMS 0x0000000629000000, 0x0000000629000000| Complete 
| 165|0x0000000629400000, 0x0000000629800000, 0x0000000629800000|100%| E|CS|TAMS 0x0000000629400000, 0x0000000629400000| Complete 
| 166|0x0000000629800000, 0x0000000629c00000, 0x0000000629c00000|100%| E|CS|TAMS 0x0000000629800000, 0x0000000629800000| Complete 
| 167|0x0000000629c00000, 0x000000062a000000, 0x000000062a000000|100%| E|CS|TAMS 0x0000000629c00000, 0x0000000629c00000| Complete 
| 168|0x000000062a000000, 0x000000062a400000, 0x000000062a400000|100%| E|CS|TAMS 0x000000062a000000, 0x000000062a000000| Complete 
| 169|0x000000062a400000, 0x000000062a800000, 0x000000062a800000|100%| E|CS|TAMS 0x000000062a400000, 0x000000062a400000| Complete 
| 170|0x000000062a800000, 0x000000062ac00000, 0x000000062ac00000|100%| E|CS|TAMS 0x000000062a800000, 0x000000062a800000| Complete 
| 171|0x000000062ac00000, 0x000000062b000000, 0x000000062b000000|100%| E|CS|TAMS 0x000000062ac00000, 0x000000062ac00000| Complete 
| 172|0x000000062b000000, 0x000000062b400000, 0x000000062b400000|100%| E|CS|TAMS 0x000000062b000000, 0x000000062b000000| Complete 
| 173|0x000000062b400000, 0x000000062b800000, 0x000000062b800000|100%| E|CS|TAMS 0x000000062b400000, 0x000000062b400000| Complete 
| 174|0x000000062b800000, 0x000000062bc00000, 0x000000062bc00000|100%| E|CS|TAMS 0x000000062b800000, 0x000000062b800000| Complete 
| 175|0x000000062bc00000, 0x000000062c000000, 0x000000062c000000|100%| E|CS|TAMS 0x000000062bc00000, 0x000000062bc00000| Complete 
| 176|0x000000062c000000, 0x000000062c400000, 0x000000062c400000|100%| E|CS|TAMS 0x000000062c000000, 0x000000062c000000| Complete 
| 177|0x000000062c400000, 0x000000062c800000, 0x000000062c800000|100%| E|CS|TAMS 0x000000062c400000, 0x000000062c400000| Complete 
| 178|0x000000062c800000, 0x000000062cc00000, 0x000000062cc00000|100%| E|CS|TAMS 0x000000062c800000, 0x000000062c800000| Complete 
| 179|0x000000062cc00000, 0x000000062d000000, 0x000000062d000000|100%| E|CS|TAMS 0x000000062cc00000, 0x000000062cc00000| Complete 
| 180|0x000000062d000000, 0x000000062d400000, 0x000000062d400000|100%| E|CS|TAMS 0x000000062d000000, 0x000000062d000000| Complete 
| 181|0x000000062d400000, 0x000000062d800000, 0x000000062d800000|100%| E|CS|TAMS 0x000000062d400000, 0x000000062d400000| Complete 
| 182|0x000000062d800000, 0x000000062dc00000, 0x000000062dc00000|100%| E|CS|TAMS 0x000000062d800000, 0x000000062d800000| Complete 
| 183|0x000000062dc00000, 0x000000062e000000, 0x000000062e000000|100%| E|CS|TAMS 0x000000062dc00000, 0x000000062dc00000| Complete 
| 184|0x000000062e000000, 0x000000062e400000, 0x000000062e400000|100%| E|CS|TAMS 0x000000062e000000, 0x000000062e000000| Complete 
| 185|0x000000062e400000, 0x000000062e800000, 0x000000062e800000|100%| E|CS|TAMS 0x000000062e400000, 0x000000062e400000| Complete 
| 186|0x000000062e800000, 0x000000062ec00000, 0x000000062ec00000|100%| E|CS|TAMS 0x000000062e800000, 0x000000062e800000| Complete 
| 187|0x000000062ec00000, 0x000000062f000000, 0x000000062f000000|100%| E|CS|TAMS 0x000000062ec00000, 0x000000062ec00000| Complete 
| 188|0x000000062f000000, 0x000000062f400000, 0x000000062f400000|100%| E|CS|TAMS 0x000000062f000000, 0x000000062f000000| Complete 
| 189|0x000000062f400000, 0x000000062f800000, 0x000000062f800000|100%| E|CS|TAMS 0x000000062f400000, 0x000000062f400000| Complete 
| 190|0x000000062f800000, 0x000000062fc00000, 0x000000062fc00000|100%| E|CS|TAMS 0x000000062f800000, 0x000000062f800000| Complete 
| 191|0x000000062fc00000, 0x0000000630000000, 0x0000000630000000|100%| E|CS|TAMS 0x000000062fc00000, 0x000000062fc00000| Complete 
| 192|0x0000000630000000, 0x0000000630400000, 0x0000000630400000|100%| E|CS|TAMS 0x0000000630000000, 0x0000000630000000| Complete 
| 193|0x0000000630400000, 0x0000000630800000, 0x0000000630800000|100%| E|CS|TAMS 0x0000000630400000, 0x0000000630400000| Complete 
| 194|0x0000000630800000, 0x0000000630c00000, 0x0000000630c00000|100%| E|CS|TAMS 0x0000000630800000, 0x0000000630800000| Complete 
| 195|0x0000000630c00000, 0x0000000631000000, 0x0000000631000000|100%| E|CS|TAMS 0x0000000630c00000, 0x0000000630c00000| Complete 
| 196|0x0000000631000000, 0x0000000631400000, 0x0000000631400000|100%| E|CS|TAMS 0x0000000631000000, 0x0000000631000000| Complete 
| 197|0x0000000631400000, 0x0000000631800000, 0x0000000631800000|100%| E|CS|TAMS 0x0000000631400000, 0x0000000631400000| Complete 
| 198|0x0000000631800000, 0x0000000631c00000, 0x0000000631c00000|100%| E|CS|TAMS 0x0000000631800000, 0x0000000631800000| Complete 
| 199|0x0000000631c00000, 0x0000000632000000, 0x0000000632000000|100%| E|CS|TAMS 0x0000000631c00000, 0x0000000631c00000| Complete 

Card table byte_map: [0x000001b174880000,0x000001b175880000] _byte_map_base: 0x000001b171880000

Marking Bits (Prev, Next): (CMBitMap*) 0x000001b14b8f49d0, (CMBitMap*) 0x000001b14b8f4a10
 Prev Bits: [0x000001b176880000, 0x000001b17e880000)
 Next Bits: [0x000001b100000000, 0x000001b108000000)

Polling page: 0x000001b1497e0000

Metaspace:

Usage:
  Non-class:    100.32 MB used.
      Class:     16.12 MB used.
       Both:    116.44 MB used.

Virtual space:
  Non-class space:      128.00 MB reserved,     101.19 MB ( 79%) committed,  2 nodes.
      Class space:        1.00 GB reserved,      16.88 MB (  2%) committed,  1 nodes.
             Both:        1.12 GB reserved,     118.06 MB ( 10%) committed. 

Chunk freelists:
   Non-Class:  10.08 MB
       Class:  15.17 MB
        Both:  25.25 MB

MaxMetaspaceSize: 4.00 GB
CompressedClassSpaceSize: 1.00 GB
Initial GC threshold: 21.00 MB
Current GC threshold: 190.88 MB
CDS: on
MetaspaceReclaimPolicy: balanced
 - commit_granule_bytes: 65536.
 - commit_granule_words: 8192.
 - virtual_space_node_default_size: 8388608.
 - enlarge_chunks_in_place: 1.
 - new_chunks_are_fully_committed: 0.
 - uncommit_free_chunks: 1.
 - use_allocation_guard: 0.
 - handle_deallocations: 1.


Internal statistics:

num_allocs_failed_limit: 9.
num_arena_births: 2286.
num_arena_deaths: 0.
num_vsnodes_births: 3.
num_vsnodes_deaths: 0.
num_space_committed: 1889.
num_space_uncommitted: 0.
num_chunks_returned_to_freelist: 9.
num_chunks_taken_from_freelist: 7963.
num_chunk_merges: 3.
num_chunk_splits: 4864.
num_chunks_enlarged: 2760.
num_inconsistent_stats: 0.

CodeHeap 'non-profiled nmethods': size=259264Kb used=15737Kb max_used=15737Kb free=243526Kb
 bounds [0x000001b1633d0000, 0x000001b164330000, 0x000001b173100000]
CodeHeap 'profiled nmethods': size=259264Kb used=32937Kb max_used=32937Kb free=226326Kb
 bounds [0x000001b153100000, 0x000001b155130000, 0x000001b162e30000]
CodeHeap 'non-nmethods': size=5760Kb used=2495Kb max_used=2590Kb free=3264Kb
 bounds [0x000001b162e30000, 0x000001b1630d0000, 0x000001b1633d0000]
 total_blobs=18059 nmethods=17017 adapters=952
 compilation: enabled
              stopped_count=0, restarted_count=0
 full_count=0

Compilation events (20 events):
Event: 3870.738 Thread 0x000001b17f53d2e0 nmethod 20664 0x000001b155123b90 code [0x000001b155123e60, 0x000001b155125058]
Event: 3870.738 Thread 0x000001b17f53d2e0 20665       3       sun.security.provider.DigestBase::engineUpdate (32 bytes)
Event: 3870.738 Thread 0x000001b17f53d2e0 nmethod 20665 0x000001b155125510 code [0x000001b1551256c0, 0x000001b155125988]
Event: 3870.744 Thread 0x000001b17f53d2e0 20666       3       org.gradle.internal.component.local.model.DefaultLocalVariantGraphResolveMetadata::getDependencies (25 bytes)
Event: 3870.745 Thread 0x000001b17f53d2e0 nmethod 20666 0x000001b155125a90 code [0x000001b155125c80, 0x000001b1551261e8]
Event: 3870.752 Thread 0x000001b17f53c510 20667       4       org.gradle.internal.component.external.model.LazyVariantBackedConfigurationMetadata$RuleAwareVariant::getDependencies (10 bytes)
Event: 3870.752 Thread 0x000001b17f53c510 nmethod 20667 0x000001b16432ac10 code [0x000001b16432ad80, 0x000001b16432ae38]
Event: 3870.780 Thread 0x000001b17f53d2e0 20668   !   3       java.util.ArrayList$Itr::remove (68 bytes)
Event: 3870.781 Thread 0x000001b17f53d2e0 nmethod 20668 0x000001b155126490 code [0x000001b155126680, 0x000001b155126bd8]
Event: 3870.783 Thread 0x000001b17f53c510 20669       4       java.util.Collections$SingletonSet::iterator (8 bytes)
Event: 3870.784 Thread 0x000001b17f53c510 nmethod 20669 0x000001b16432af10 code [0x000001b16432b0a0, 0x000001b16432b178]
Event: 3870.794 Thread 0x000001b17f53c510 20670       4       java.lang.AbstractStringBuilder::append (60 bytes)
Event: 3870.816 Thread 0x000001b17f53c510 nmethod 20670 0x000001b16432b210 code [0x000001b16432b3c0, 0x000001b16432c138]
Event: 3870.827 Thread 0x000001b1cac7c0c0 20671       4       org.gradle.api.internal.artifacts.transform.DefaultTransformUpstreamDependenciesResolverFactory::create (40 bytes)
Event: 3870.830 Thread 0x000001b1cac7c0c0 nmethod 20671 0x000001b16432c790 code [0x000001b16432c940, 0x000001b16432cb08]
Event: 3870.843 Thread 0x000001b17f53d2e0 20672       3       java.util.stream.StreamSpliterators$AbstractWrappingSpliterator::init (29 bytes)
Event: 3870.844 Thread 0x000001b17f53d2e0 nmethod 20672 0x000001b155126e10 code [0x000001b155126fc0, 0x000001b155127388]
Event: 3870.875 Thread 0x000001b17f53c510 20673       4       org.gradle.internal.component.model.MultipleCandidateMatcher::recordAndMatchCandidateValue (157 bytes)
Event: 3870.878 Thread 0x000001b1cac7c0c0 20674       4       org.gradle.api.internal.attributes.AttributeDesugaring::desugarSelector (117 bytes)
Event: 3870.881 Thread 0x000001b1cac7c0c0 nmethod 20674 0x000001b16432cd90 code [0x000001b16432cf80, 0x000001b16432d330]

GC Heap History (20 events):
Event: 25.551 GC heap before
{Heap before GC invocations=57 (full 0):
 garbage-first heap   total 348160K, used 275139K [0x0000000600000000, 0x0000000800000000)
  region size 4096K, 23 young (94208K), 3 survivors (12288K)
 Metaspace       used 115340K, committed 116608K, reserved 1179648K
  class space    used 16167K, committed 16768K, reserved 1048576K
}
Event: 25.557 GC heap after
{Heap after GC invocations=58 (full 0):
 garbage-first heap   total 348160K, used 199305K [0x0000000600000000, 0x0000000800000000)
  region size 4096K, 3 young (12288K), 3 survivors (12288K)
 Metaspace       used 115340K, committed 116608K, reserved 1179648K
  class space    used 16167K, committed 16768K, reserved 1048576K
}
Event: 26.337 GC heap before
{Heap before GC invocations=58 (full 0):
 garbage-first heap   total 348160K, used 285321K [0x0000000600000000, 0x0000000800000000)
  region size 4096K, 24 young (98304K), 3 survivors (12288K)
 Metaspace       used 115581K, committed 116800K, reserved 1179648K
  class space    used 16175K, committed 16768K, reserved 1048576K
}
Event: 26.352 GC heap after
{Heap after GC invocations=59 (full 0):
 garbage-first heap   total 348160K, used 204589K [0x0000000600000000, 0x0000000800000000)
  region size 4096K, 3 young (12288K), 3 survivors (12288K)
 Metaspace       used 115581K, committed 116800K, reserved 1179648K
  class space    used 16175K, committed 16768K, reserved 1048576K
}
Event: 27.161 GC heap before
{Heap before GC invocations=60 (full 0):
 garbage-first heap   total 364544K, used 286509K [0x0000000600000000, 0x0000000800000000)
  region size 4096K, 23 young (94208K), 3 survivors (12288K)
 Metaspace       used 115920K, committed 117248K, reserved 1179648K
  class space    used 16206K, committed 16832K, reserved 1048576K
}
Event: 27.171 GC heap after
{Heap after GC invocations=61 (full 0):
 garbage-first heap   total 364544K, used 211126K [0x0000000600000000, 0x0000000800000000)
  region size 4096K, 3 young (12288K), 3 survivors (12288K)
 Metaspace       used 115920K, committed 117248K, reserved 1179648K
  class space    used 16206K, committed 16832K, reserved 1048576K
}
Event: 27.185 GC heap before
{Heap before GC invocations=61 (full 0):
 garbage-first heap   total 364544K, used 215222K [0x0000000600000000, 0x0000000800000000)
  region size 4096K, 4 young (16384K), 3 survivors (12288K)
 Metaspace       used 115920K, committed 117248K, reserved 1179648K
  class space    used 16206K, committed 16832K, reserved 1048576K
}
Event: 27.193 GC heap after
{Heap after GC invocations=62 (full 0):
 garbage-first heap   total 364544K, used 210860K [0x0000000600000000, 0x0000000800000000)
  region size 4096K, 1 young (4096K), 1 survivors (4096K)
 Metaspace       used 115920K, committed 117248K, reserved 1179648K
  class space    used 16206K, committed 16832K, reserved 1048576K
}
Event: 27.542 GC heap before
{Heap before GC invocations=62 (full 0):
 garbage-first heap   total 364544K, used 296876K [0x0000000600000000, 0x0000000800000000)
  region size 4096K, 23 young (94208K), 1 survivors (4096K)
 Metaspace       used 115921K, committed 117248K, reserved 1179648K
  class space    used 16206K, committed 16832K, reserved 1048576K
}
Event: 27.545 GC heap after
{Heap after GC invocations=63 (full 0):
 garbage-first heap   total 364544K, used 212517K [0x0000000600000000, 0x0000000800000000)
  region size 4096K, 2 young (8192K), 2 survivors (8192K)
 Metaspace       used 115921K, committed 117248K, reserved 1179648K
  class space    used 16206K, committed 16832K, reserved 1048576K
}
Event: 28.501 GC heap before
{Heap before GC invocations=64 (full 0):
 garbage-first heap   total 409600K, used 298533K [0x0000000600000000, 0x0000000800000000)
  region size 4096K, 23 young (94208K), 2 survivors (8192K)
 Metaspace       used 116183K, committed 117568K, reserved 1179648K
  class space    used 16238K, committed 16896K, reserved 1048576K
}
Event: 28.512 GC heap after
{Heap after GC invocations=65 (full 0):
 garbage-first heap   total 409600K, used 221182K [0x0000000600000000, 0x0000000800000000)
  region size 4096K, 3 young (12288K), 3 survivors (12288K)
 Metaspace       used 116183K, committed 117568K, reserved 1179648K
  class space    used 16238K, committed 16896K, reserved 1048576K
}
Event: 28.704 GC heap before
{Heap before GC invocations=65 (full 0):
 garbage-first heap   total 409600K, used 225278K [0x0000000600000000, 0x0000000800000000)
  region size 4096K, 5 young (20480K), 3 survivors (12288K)
 Metaspace       used 116260K, committed 117632K, reserved 1179648K
  class space    used 16244K, committed 16896K, reserved 1048576K
}
Event: 28.719 GC heap after
{Heap after GC invocations=66 (full 0):
 garbage-first heap   total 409600K, used 205806K [0x0000000600000000, 0x0000000800000000)
  region size 4096K, 1 young (4096K), 1 survivors (4096K)
 Metaspace       used 116260K, committed 117632K, reserved 1179648K
  class space    used 16244K, committed 16896K, reserved 1048576K
}
Event: 29.333 GC heap before
{Heap before GC invocations=66 (full 0):
 garbage-first heap   total 409600K, used 328686K [0x0000000600000000, 0x0000000800000000)
  region size 4096K, 32 young (131072K), 1 survivors (4096K)
 Metaspace       used 116262K, committed 117632K, reserved 1179648K
  class space    used 16244K, committed 16896K, reserved 1048576K
}
Event: 29.338 GC heap after
{Heap after GC invocations=67 (full 0):
 garbage-first heap   total 819200K, used 209495K [0x0000000600000000, 0x0000000800000000)
  region size 4096K, 2 young (8192K), 2 survivors (8192K)
 Metaspace       used 116262K, committed 117632K, reserved 1179648K
  class space    used 16244K, committed 16896K, reserved 1048576K
}
Event: 33.151 GC heap before
{Heap before GC invocations=67 (full 0):
 garbage-first heap   total 819200K, used 574039K [0x0000000600000000, 0x0000000800000000)
  region size 4096K, 91 young (372736K), 2 survivors (8192K)
 Metaspace       used 117402K, committed 118848K, reserved 1179648K
  class space    used 16356K, committed 17024K, reserved 1048576K
}
Event: 33.170 GC heap after
{Heap after GC invocations=68 (full 0):
 garbage-first heap   total 819200K, used 243183K [0x0000000600000000, 0x0000000800000000)
  region size 4096K, 9 young (36864K), 9 survivors (36864K)
 Metaspace       used 117402K, committed 118848K, reserved 1179648K
  class space    used 16356K, committed 17024K, reserved 1048576K
}
Event: 36.722 GC heap before
{Heap before GC invocations=68 (full 0):
 garbage-first heap   total 819200K, used 611823K [0x0000000600000000, 0x0000000800000000)
  region size 4096K, 99 young (405504K), 9 survivors (36864K)
 Metaspace       used 118103K, committed 119680K, reserved 1179648K
  class space    used 16421K, committed 17152K, reserved 1048576K
}
Event: 36.737 GC heap after
{Heap after GC invocations=69 (full 0):
 garbage-first heap   total 819200K, used 262080K [0x0000000600000000, 0x0000000800000000)
  region size 4096K, 6 young (24576K), 6 survivors (24576K)
 Metaspace       used 118103K, committed 119680K, reserved 1179648K
  class space    used 16421K, committed 17152K, reserved 1048576K
}

Deoptimization events (20 events):
Event: 3869.719 Thread 0x000001b1d1371ed0 Uncommon trap: trap_request=0xffffffbe fr.pc=0x000001b1642f8720 relative=0x00000000000008e0
Event: 3869.719 Thread 0x000001b1d1371ed0 Uncommon trap: reason=profile_predicate action=maybe_recompile pc=0x000001b1642f8720 method=java.math.BigInteger.montReduce([I[III)[I @ 56 c2
Event: 3869.719 Thread 0x000001b1d1371ed0 DEOPT PACKING pc=0x000001b1642f8720 sp=0x0000009c431fa720
Event: 3869.719 Thread 0x000001b1d1371ed0 DEOPT UNPACKING pc=0x000001b162e823a3 sp=0x0000009c431fa6d8 mode 2
Event: 3869.719 Thread 0x000001b1d1371ed0 Uncommon trap: trap_request=0xffffffbe fr.pc=0x000001b163a16270 relative=0x0000000000000bb0
Event: 3869.719 Thread 0x000001b1d1371ed0 Uncommon trap: reason=profile_predicate action=maybe_recompile pc=0x000001b163a16270 method=java.math.BigInteger.montReduce([I[III)[I @ 9 c2
Event: 3869.719 Thread 0x000001b1d1371ed0 DEOPT PACKING pc=0x000001b163a16270 sp=0x0000009c431fa710
Event: 3869.719 Thread 0x000001b1d1371ed0 DEOPT UNPACKING pc=0x000001b162e823a3 sp=0x0000009c431fa6e0 mode 2
Event: 3869.719 Thread 0x000001b1d1371ed0 Uncommon trap: trap_request=0xffffffbe fr.pc=0x000001b163a16270 relative=0x0000000000000bb0
Event: 3869.719 Thread 0x000001b1d1371ed0 Uncommon trap: reason=profile_predicate action=maybe_recompile pc=0x000001b163a16270 method=java.math.BigInteger.montReduce([I[III)[I @ 9 c2
Event: 3869.719 Thread 0x000001b1d1371ed0 DEOPT PACKING pc=0x000001b163a16270 sp=0x0000009c431fa710
Event: 3869.719 Thread 0x000001b1d1371ed0 DEOPT UNPACKING pc=0x000001b162e823a3 sp=0x0000009c431fa6e0 mode 2
Event: 3869.863 Thread 0x000001b1d1371ed0 Uncommon trap: trap_request=0xffffffde fr.pc=0x000001b16390e550 relative=0x00000000000008d0
Event: 3869.863 Thread 0x000001b1d1371ed0 Uncommon trap: reason=class_check action=maybe_recompile pc=0x000001b16390e550 method=org.gradle.internal.file.FileHierarchySet$Node.contains(Ljava/lang/String;I)Z @ 55 c2
Event: 3869.863 Thread 0x000001b1d1371ed0 DEOPT PACKING pc=0x000001b16390e550 sp=0x0000009c431f8330
Event: 3869.863 Thread 0x000001b1d1371ed0 DEOPT UNPACKING pc=0x000001b162e823a3 sp=0x0000009c431f8300 mode 2
Event: 3870.602 Thread 0x000001b1d1371ed0 Uncommon trap: trap_request=0xffffffbe fr.pc=0x000001b16410f2c4 relative=0x0000000000005844
Event: 3870.603 Thread 0x000001b1d1371ed0 Uncommon trap: reason=profile_predicate action=maybe_recompile pc=0x000001b16410f2c4 method=org.gradle.api.internal.artifacts.ivyservice.resolveengine.ComponentResolversChain$DependencyToComponentIdResolverChain.resolve(Lorg/gradle/internal/component/mode
Event: 3870.603 Thread 0x000001b1d1371ed0 DEOPT PACKING pc=0x000001b16410f2c4 sp=0x0000009c431f8e40
Event: 3870.603 Thread 0x000001b1d1371ed0 DEOPT UNPACKING pc=0x000001b162e823a3 sp=0x0000009c431f8a58 mode 2

Classes unloaded (0 events):
No events

Classes redefined (0 events):
No events

Internal exceptions (20 events):
Event: 3869.700 Thread 0x000001b1d1371ed0 Exception <a 'java/lang/NoSuchMethodError'{0x00000006217ac430}: static Lorg/gradle/tooling/internal/consumer/connection/InternalPhasedActionAdapter;.<clinit>()V> (0x00000006217ac430) 
thrown [s\open\src\hotspot\share\prims\jni.cpp, line 1112]
Event: 3869.715 Thread 0x000001b1d1371ed0 Exception <a 'java/lang/NoSuchMethodError'{0x00000006217d3918}: static Lorg/gradle/tooling/internal/consumer/connection/InternalBuildActionAdapter;.<clinit>()V> (0x00000006217d3918) 
thrown [s\open\src\hotspot\share\prims\jni.cpp, line 1112]
Event: 3869.755 Thread 0x000001b1d1371ed0 Exception <a 'java/lang/NoSuchMethodError'{0x000000062112d8f0}: static Lorg/gradle/tooling/internal/consumer/versioning/VersionDetails;.<clinit>()V> (0x000000062112d8f0) 
thrown [s\open\src\hotspot\share\prims\jni.cpp, line 1112]
Event: 3869.755 Thread 0x000001b1d1371ed0 Exception <a 'java/lang/NoSuchMethodError'{0x0000000621130548}: static Lorg/gradle/tooling/internal/consumer/versioning/VersionDetails$R26VersionDetails;.<clinit>()V> (0x0000000621130548) 
thrown [s\open\src\hotspot\share\prims\jni.cpp, line 1112]
Event: 3869.755 Thread 0x000001b1d1371ed0 Exception <a 'java/lang/NoSuchMethodError'{0x0000000621131ac0}: static Lorg/gradle/tooling/internal/consumer/versioning/VersionDetails$R28VersionDetails;.<clinit>()V> (0x0000000621131ac0) 
thrown [s\open\src\hotspot\share\prims\jni.cpp, line 1112]
Event: 3869.755 Thread 0x000001b1d1371ed0 Exception <a 'java/lang/NoSuchMethodError'{0x0000000621132fc8}: static Lorg/gradle/tooling/internal/consumer/versioning/VersionDetails$R35VersionDetails;.<clinit>()V> (0x0000000621132fc8) 
thrown [s\open\src\hotspot\share\prims\jni.cpp, line 1112]
Event: 3869.755 Thread 0x000001b1d1371ed0 Exception <a 'java/lang/NoSuchMethodError'{0x0000000621134698}: static Lorg/gradle/tooling/internal/consumer/versioning/VersionDetails$R44VersionDetails;.<clinit>()V> (0x0000000621134698) 
thrown [s\open\src\hotspot\share\prims\jni.cpp, line 1112]
Event: 3869.755 Thread 0x000001b1d1371ed0 Exception <a 'java/lang/NoSuchMethodError'{0x0000000621135ca0}: static Lorg/gradle/tooling/internal/consumer/versioning/VersionDetails$R48VersionDetails;.<clinit>()V> (0x0000000621135ca0) 
thrown [s\open\src\hotspot\share\prims\jni.cpp, line 1112]
Event: 3869.755 Thread 0x000001b1d1371ed0 Exception <a 'java/lang/NoSuchMethodError'{0x0000000621136ea0}: static Lorg/gradle/tooling/internal/consumer/versioning/VersionDetails$R51VersionDetails;.<clinit>()V> (0x0000000621136ea0) 
thrown [s\open\src\hotspot\share\prims\jni.cpp, line 1112]
Event: 3869.757 Thread 0x000001b1d1371ed0 Exception <a 'java/lang/NoSuchMethodError'{0x0000000621149910}: static [Lorg/gradle/tooling/BuildAction;.<clinit>()V> (0x0000000621149910) 
thrown [s\open\src\hotspot\share\prims\jni.cpp, line 1112]
Event: 3869.759 Thread 0x000001b1d1371ed0 Exception <a 'java/lang/NoSuchMethodError'{0x000000062115a128}: static Lorg/eclipse/buildship/core/internal/workspace/TellGradleToRunSynchronizationTasks;.<clinit>()V> (0x000000062115a128) 
thrown [s\open\src\hotspot\share\prims\jni.cpp, line 1112]
Event: 3869.846 Thread 0x000001b1d1371ed0 Exception <a 'sun/nio/fs/WindowsException'{0x000000062132de18}> (0x000000062132de18) 
thrown [s\open\src\hotspot\share\prims\jni.cpp, line 516]
Event: 3869.847 Thread 0x000001b1d1371ed0 Exception <a 'sun/nio/fs/WindowsException'{0x000000062132f528}> (0x000000062132f528) 
thrown [s\open\src\hotspot\share\prims\jni.cpp, line 516]
Event: 3869.847 Thread 0x000001b1d1371ed0 Exception <a 'sun/nio/fs/WindowsException'{0x0000000621330c38}> (0x0000000621330c38) 
thrown [s\open\src\hotspot\share\prims\jni.cpp, line 516]
Event: 3869.847 Thread 0x000001b1d1371ed0 Exception <a 'sun/nio/fs/WindowsException'{0x0000000621332320}> (0x0000000621332320) 
thrown [s\open\src\hotspot\share\prims\jni.cpp, line 516]
Event: 3869.882 Thread 0x000001b1d1371ed0 Exception <a 'sun/nio/fs/WindowsException'{0x0000000620c2e3c8}> (0x0000000620c2e3c8) 
thrown [s\open\src\hotspot\share\prims\jni.cpp, line 516]
Event: 3869.882 Thread 0x000001b1d1371ed0 Exception <a 'sun/nio/fs/WindowsException'{0x0000000620c30028}> (0x0000000620c30028) 
thrown [s\open\src\hotspot\share\prims\jni.cpp, line 516]
Event: 3869.882 Thread 0x000001b1d1371ed0 Exception <a 'sun/nio/fs/WindowsException'{0x0000000620c31c88}> (0x0000000620c31c88) 
thrown [s\open\src\hotspot\share\prims\jni.cpp, line 516]
Event: 3869.882 Thread 0x000001b1d1371ed0 Exception <a 'sun/nio/fs/WindowsException'{0x0000000620c338c0}> (0x0000000620c338c0) 
thrown [s\open\src\hotspot\share\prims\jni.cpp, line 516]
Event: 3870.602 Thread 0x000001b1d1371ed0 Implicit null exception at 0x000001b16410afd9 to 0x000001b16410f228

VM Operations (20 events):
Event: 2511.577 Executing VM operation: Cleanup
Event: 2511.577 Executing VM operation: Cleanup done
Event: 2572.109 Executing VM operation: Cleanup
Event: 2572.110 Executing VM operation: Cleanup done
Event: 2861.340 Executing VM operation: Cleanup
Event: 2861.340 Executing VM operation: Cleanup done
Event: 3232.270 Executing VM operation: Cleanup
Event: 3232.270 Executing VM operation: Cleanup done
Event: 3592.992 Executing VM operation: Cleanup
Event: 3592.992 Executing VM operation: Cleanup done
Event: 3593.997 Executing VM operation: Cleanup
Event: 3593.997 Executing VM operation: Cleanup done
Event: 3681.709 Executing VM operation: Cleanup
Event: 3681.709 Executing VM operation: Cleanup done
Event: 3869.544 Executing VM operation: HandshakeAllThreads
Event: 3869.545 Executing VM operation: HandshakeAllThreads done
Event: 3869.545 Executing VM operation: Cleanup
Event: 3869.545 Executing VM operation: Cleanup done
Event: 3870.557 Executing VM operation: Cleanup
Event: 3870.578 Executing VM operation: Cleanup done

Events (20 events):
Event: 3870.793 Thread 0x000001b1d1c4a8c0 Thread added: 0x000001b1d1c4a8c0
Event: 3870.793 Thread 0x000001b1d1c49480 Thread added: 0x000001b1d1c49480
Event: 3870.794 Thread 0x000001b1d1c4b7f0 Thread added: 0x000001b1d1c4b7f0
Event: 3870.794 Thread 0x000001b1d1c4e070 Thread added: 0x000001b1d1c4e070
Event: 3870.794 Thread 0x000001b1d1c4b2e0 Thread added: 0x000001b1d1c4b2e0
Event: 3870.798 Thread 0x000001b1d1c4add0 Thread added: 0x000001b1d1c4add0
Event: 3870.806 Thread 0x000001b1d1c4e580 Thread added: 0x000001b1d1c4e580
Event: 3870.806 Thread 0x000001b1d1c4d140 Thread added: 0x000001b1d1c4d140
Event: 3870.806 Thread 0x000001b1d1c4ea90 Thread added: 0x000001b1d1c4ea90
Event: 3870.854 Thread 0x000001b1d1c4efa0 Thread added: 0x000001b1d1c4efa0
Event: 3870.854 Thread 0x000001b1d1c4d650 Thread added: 0x000001b1d1c4d650
Event: 3870.854 Thread 0x000001b1d1c4db60 Thread added: 0x000001b1d1c4db60
Event: 3870.855 Thread 0x000001b1d1c4f4b0 Thread added: 0x000001b1d1c4f4b0
Event: 3870.855 Thread 0x000001b1d1c4bd00 Thread added: 0x000001b1d1c4bd00
Event: 3870.881 Thread 0x000001b1d1c4f9c0 Thread added: 0x000001b1d1c4f9c0
Event: 3870.881 Thread 0x000001b1d1c503e0 Thread added: 0x000001b1d1c503e0
Event: 3870.881 Thread 0x000001b1d1c4fed0 Thread added: 0x000001b1d1c4fed0
Event: 3870.882 Thread 0x000001b1d1c508f0 Thread added: 0x000001b1d1c508f0
Event: 3870.882 Thread 0x000001b1ca92b310 Thread added: 0x000001b1ca92b310
Event: 3870.882 Thread 0x000001b1ca92b820 Thread added: 0x000001b1ca92b820


Dynamic libraries:
0x00007ff69aea0000 - 0x00007ff69aeb0000 	C:\Program Files\Java\jdk-17\bin\java.exe
0x00007ffc99cc0000 - 0x00007ffc99f25000 	C:\WINDOWS\SYSTEM32\ntdll.dll
0x00007ffc987b0000 - 0x00007ffc98879000 	C:\WINDOWS\System32\KERNEL32.DLL
0x00007ffc96ec0000 - 0x00007ffc972a8000 	C:\WINDOWS\System32\KERNELBASE.dll
0x00007ffc97550000 - 0x00007ffc9769b000 	C:\WINDOWS\System32\ucrtbase.dll
0x00007ffc7d4e0000 - 0x00007ffc7d4fb000 	C:\Program Files\Java\jdk-17\bin\VCRUNTIME140.dll
0x00007ffc77c00000 - 0x00007ffc77c19000 	C:\Program Files\Java\jdk-17\bin\jli.dll
0x00007ffc98a30000 - 0x00007ffc98ae3000 	C:\WINDOWS\System32\ADVAPI32.dll
0x00007ffc99720000 - 0x00007ffc997c9000 	C:\WINDOWS\System32\msvcrt.dll
0x00007ffc99b00000 - 0x00007ffc99ba6000 	C:\WINDOWS\System32\sechost.dll
0x00007ffc999e0000 - 0x00007ffc99af5000 	C:\WINDOWS\System32\RPCRT4.dll
0x00007ffc98c20000 - 0x00007ffc98dea000 	C:\WINDOWS\System32\USER32.dll
0x00007ffc97520000 - 0x00007ffc97547000 	C:\WINDOWS\System32\win32u.dll
0x00007ffc997d0000 - 0x00007ffc997fb000 	C:\WINDOWS\System32\GDI32.dll
0x00007ffc972b0000 - 0x00007ffc973e7000 	C:\WINDOWS\System32\gdi32full.dll
0x00007ffc76380000 - 0x00007ffc7661a000 	C:\WINDOWS\WinSxS\amd64_microsoft.windows.common-controls_6595b64144ccf1df_6.0.26100.4202_none_3e0698d4e335f517\COMCTL32.dll
0x00007ffc96e10000 - 0x00007ffc96eb3000 	C:\WINDOWS\System32\msvcp_win.dll
0x00007ffc83890000 - 0x00007ffc8389b000 	C:\WINDOWS\SYSTEM32\VERSION.dll
0x00007ffc99c30000 - 0x00007ffc99c60000 	C:\WINDOWS\System32\IMM32.DLL
0x00007ffc8c090000 - 0x00007ffc8c09c000 	C:\Program Files\Java\jdk-17\bin\vcruntime140_1.dll
0x00007ffc70de0000 - 0x00007ffc70e6e000 	C:\Program Files\Java\jdk-17\bin\msvcp140.dll
0x00007ffc17110000 - 0x00007ffc17cf0000 	C:\Program Files\Java\jdk-17\bin\server\jvm.dll
0x00007ffc8c100000 - 0x00007ffc8c135000 	C:\WINDOWS\SYSTEM32\WINMM.dll
0x00007ffc99c70000 - 0x00007ffc99c78000 	C:\WINDOWS\System32\PSAPI.DLL
0x00007ffc770b0000 - 0x00007ffc770ba000 	C:\WINDOWS\SYSTEM32\WSOCK32.dll
0x00007ffc99bb0000 - 0x00007ffc99c24000 	C:\WINDOWS\System32\WS2_32.dll
0x00007ffc95b30000 - 0x00007ffc95b4b000 	C:\WINDOWS\SYSTEM32\kernel.appcore.dll
0x00007ffc770a0000 - 0x00007ffc770aa000 	C:\Program Files\Java\jdk-17\bin\jimage.dll
0x00007ffc94700000 - 0x00007ffc94941000 	C:\WINDOWS\SYSTEM32\DBGHELP.DLL
0x00007ffc97ac0000 - 0x00007ffc97e45000 	C:\WINDOWS\System32\combase.dll
0x00007ffc985a0000 - 0x00007ffc98681000 	C:\WINDOWS\System32\OLEAUT32.dll
0x00007ffc750d0000 - 0x00007ffc75109000 	C:\WINDOWS\SYSTEM32\dbgcore.DLL
0x00007ffc97480000 - 0x00007ffc97519000 	C:\WINDOWS\System32\bcryptPrimitives.dll
0x00007ffc76c50000 - 0x00007ffc76c5e000 	C:\Program Files\Java\jdk-17\bin\instrument.dll
0x00007ffc717d0000 - 0x00007ffc717f5000 	C:\Program Files\Java\jdk-17\bin\java.dll
0x00007ffc49ba0000 - 0x00007ffc49c77000 	C:\Program Files\Java\jdk-17\bin\jsvml.dll
0x00007ffc97e50000 - 0x00007ffc98592000 	C:\WINDOWS\System32\SHELL32.dll
0x00007ffc976a0000 - 0x00007ffc97814000 	C:\WINDOWS\System32\wintypes.dll
0x00007ffc94a40000 - 0x00007ffc95298000 	C:\WINDOWS\SYSTEM32\windows.storage.dll
0x00007ffc992a0000 - 0x00007ffc99391000 	C:\WINDOWS\System32\SHCORE.dll
0x00007ffc98730000 - 0x00007ffc9879a000 	C:\WINDOWS\System32\shlwapi.dll
0x00007ffc96d20000 - 0x00007ffc96d4f000 	C:\WINDOWS\SYSTEM32\profapi.dll
0x00007ffc717b0000 - 0x00007ffc717c8000 	C:\Program Files\Java\jdk-17\bin\zip.dll
0x00007ffc71790000 - 0x00007ffc717a9000 	C:\Program Files\Java\jdk-17\bin\net.dll
0x00007ffc8b7f0000 - 0x00007ffc8b90e000 	C:\WINDOWS\SYSTEM32\WINHTTP.dll
0x00007ffc96140000 - 0x00007ffc961aa000 	C:\WINDOWS\system32\mswsock.dll
0x00007ffc70dc0000 - 0x00007ffc70dd6000 	C:\Program Files\Java\jdk-17\bin\nio.dll
0x00007ffc74b10000 - 0x00007ffc74b20000 	C:\Program Files\Java\jdk-17\bin\verify.dll
0x00007ffc76fe0000 - 0x00007ffc77007000 	C:\Users\HP\.gradle\native\c067742578af261105cb4f569cf0c3c89f3d7b1fecec35dd04571415982c5e48\windows-amd64\native-platform.dll
0x00007ffc46aa0000 - 0x00007ffc46be4000 	C:\Users\HP\.gradle\native\100fb08df4bc3b14c8652ba06237920a3bd2aa13389f12d3474272988ae205f9\windows-amd64\native-platform-file-events.dll
0x00007ffc71780000 - 0x00007ffc7178a000 	C:\Program Files\Java\jdk-17\bin\management.dll
0x00007ffc715c0000 - 0x00007ffc715cb000 	C:\Program Files\Java\jdk-17\bin\management_ext.dll
0x00007ffc96400000 - 0x00007ffc9641b000 	C:\WINDOWS\SYSTEM32\CRYPTSP.dll
0x00007ffc95b50000 - 0x00007ffc95b8a000 	C:\WINDOWS\system32\rsaenh.dll
0x00007ffc961e0000 - 0x00007ffc9620b000 	C:\WINDOWS\SYSTEM32\USERENV.dll
0x00007ffc96cf0000 - 0x00007ffc96d16000 	C:\WINDOWS\SYSTEM32\bcrypt.dll
0x00007ffc963f0000 - 0x00007ffc963fc000 	C:\WINDOWS\SYSTEM32\CRYPTBASE.dll
0x00007ffc95610000 - 0x00007ffc95643000 	C:\WINDOWS\SYSTEM32\IPHLPAPI.DLL
0x00007ffc987a0000 - 0x00007ffc987aa000 	C:\WINDOWS\System32\NSI.dll
0x00007ffc8e1c0000 - 0x00007ffc8e1df000 	C:\WINDOWS\SYSTEM32\dhcpcsvc6.DLL
0x00007ffc8e190000 - 0x00007ffc8e1b5000 	C:\WINDOWS\SYSTEM32\dhcpcsvc.DLL
0x00007ffc956b0000 - 0x00007ffc957d7000 	C:\WINDOWS\SYSTEM32\DNSAPI.dll
0x00007ffc71370000 - 0x00007ffc7137e000 	C:\Program Files\Java\jdk-17\bin\sunmscapi.dll
0x00007ffc978e0000 - 0x00007ffc97a57000 	C:\WINDOWS\System32\CRYPT32.dll
0x00007ffc96610000 - 0x00007ffc96640000 	C:\WINDOWS\SYSTEM32\ncrypt.dll
0x00007ffc965c0000 - 0x00007ffc965ff000 	C:\WINDOWS\SYSTEM32\NTASN1.dll
0x00007ffc72720000 - 0x00007ffc72728000 	C:\WINDOWS\system32\wshunix.dll
0x00007ffc8b7b0000 - 0x00007ffc8b7bb000 	C:\Windows\System32\rasadhlp.dll
0x00007ffc8e910000 - 0x00007ffc8e996000 	C:\WINDOWS\System32\fwpuclnt.dll
0x00007ffc263d0000 - 0x00007ffc263e8000 	C:\WINDOWS\system32\napinsp.dll
0x00007ffc263f0000 - 0x00007ffc26402000 	C:\WINDOWS\System32\winrnr.dll
0x00007ffc26410000 - 0x00007ffc26440000 	C:\WINDOWS\system32\nlansp_c.dll
0x00007ffc52f90000 - 0x00007ffc52fb0000 	C:\WINDOWS\system32\wshbth.dll

dbghelp: loaded successfully - version: 4.0.5 - missing functions: none
symbol engine: initialized successfully - sym options: 0x614 - pdb path: .;C:\Program Files\Java\jdk-17\bin;C:\WINDOWS\SYSTEM32;C:\WINDOWS\WinSxS\amd64_microsoft.windows.common-controls_6595b64144ccf1df_6.0.26100.4202_none_3e0698d4e335f517;C:\Program Files\Java\jdk-17\bin\server;C:\Users\HP\.gradle\native\c067742578af261105cb4f569cf0c3c89f3d7b1fecec35dd04571415982c5e48\windows-amd64;C:\Users\HP\.gradle\native\100fb08df4bc3b14c8652ba06237920a3bd2aa13389f12d3474272988ae205f9\windows-amd64

VM Arguments:
jvm_args: -XX:MaxMetaspaceSize=4G -XX:ReservedCodeCacheSize=512m -XX:+HeapDumpOnOutOfMemoryError --add-opens=java.base/java.util=ALL-UNNAMED --add-opens=java.base/java.lang=ALL-UNNAMED --add-opens=java.base/java.lang.invoke=ALL-UNNAMED --add-opens=java.prefs/java.util.prefs=ALL-UNNAMED --add-exports=jdk.compiler/com.sun.tools.javac.api=ALL-UNNAMED --add-exports=jdk.compiler/com.sun.tools.javac.util=ALL-UNNAMED --add-opens=java.base/java.nio.charset=ALL-UNNAMED --add-opens=java.base/java.net=ALL-UNNAMED --add-opens=java.base/java.util.concurrent.atomic=ALL-UNNAMED -Xmx8G -Dfile.encoding=utf8 -Duser.country=IN -Duser.language=en -Duser.variant -javaagent:C:\Users\HP\.gradle\wrapper\dists\gradle-8.10.2-all\7iv73wktx1xtkvlq19urqw1wm\gradle-8.10.2\lib\agents\gradle-instrumentation-agent-8.10.2.jar 
java_command: org.gradle.launcher.daemon.bootstrap.GradleDaemon 8.10.2
java_class_path (initial): C:\Users\HP\.gradle\wrapper\dists\gradle-8.10.2-all\7iv73wktx1xtkvlq19urqw1wm\gradle-8.10.2\lib\gradle-daemon-main-8.10.2.jar
Launcher Type: SUN_STANDARD

[Global flags]
     intx CICompilerCount                          = 4                                         {product} {ergonomic}
     uint ConcGCThreads                            = 3                                         {product} {ergonomic}
     uint G1ConcRefinementThreads                  = 10                                        {product} {ergonomic}
   size_t G1HeapRegionSize                         = 4194304                                   {product} {ergonomic}
    uintx GCDrainStackTargetSize                   = 64                                        {product} {ergonomic}
     bool HeapDumpOnOutOfMemoryError               = true                                   {manageable} {command line}
   size_t InitialHeapSize                          = 264241152                                 {product} {ergonomic}
   size_t MarkStackSize                            = 4194304                                   {product} {ergonomic}
   size_t MaxHeapSize                              = 8589934592                                {product} {command line}
   size_t MaxMetaspaceSize                         = 4294967296                                {product} {command line}
   size_t MaxNewSize                               = 5150605312                                {product} {ergonomic}
   size_t MinHeapDeltaBytes                        = 4194304                                   {product} {ergonomic}
   size_t MinHeapSize                              = 8388608                                   {product} {ergonomic}
    uintx NonNMethodCodeHeapSize                   = 5839372                                {pd product} {ergonomic}
    uintx NonProfiledCodeHeapSize                  = 265515770                              {pd product} {ergonomic}
    uintx ProfiledCodeHeapSize                     = 265515770                              {pd product} {ergonomic}
    uintx ReservedCodeCacheSize                    = 536870912                              {pd product} {command line}
     bool SegmentedCodeCache                       = true                                      {product} {ergonomic}
   size_t SoftMaxHeapSize                          = 8589934592                             {manageable} {ergonomic}
   double SweeperThreshold                         = 0.234375                                  {product} {ergonomic}
     bool UseCompressedClassPointers               = true                           {product lp64_product} {ergonomic}
     bool UseCompressedOops                        = true                           {product lp64_product} {ergonomic}
     bool UseG1GC                                  = true                                      {product} {ergonomic}
     bool UseLargePagesIndividualAllocation        = false                                  {pd product} {ergonomic}

Logging:
Log output configuration:
 #0: stdout all=warning uptime,level,tags
 #1: stderr all=off uptime,level,tags

Environment Variables:
PATH=C:\Program Files\Common Files\Oracle\Java\javapath;C:\Program Files (x86)\Common Files\Oracle\Java\java8path;C:\Program Files (x86)\Common Files\Oracle\Java\javapath;C:\WINDOWS\system32;C:\WINDOWS;C:\WINDOWS\System32\Wbem;C:\WINDOWS\System32\WindowsPowerShell\v1.0\;C:\Program Files\nodejs\;C:\Program Files\Git\cmd;C:\WINDOWS\System32\OpenSSH\;C:\MinGW\bin;C:\Users\HP\AppData\Local\Programs\Python\Python313\Scripts\;C:\Users\HP\AppData\Local\Programs\Python\Python313\;C:\Users\HP\anaconda3;C:\Users\HP\anaconda3\Library\mingw-w64\bin;C:\Users\HP\anaconda3\Library\usr\bin;C:\Users\HP\anaconda3\Library\bin;C:\Users\HP\anaconda3\Scripts;C:\Users\HP\AppData\Local\Microsoft\WindowsApps;D:\flutter\bin;C:\Program Files\Java\jdk-17\bin;C:\Users\HP\AppData\Roaming\npm;C:\MinGW\bin;C:\Users\HP\AppData\Local\Programs\Microsoft VS Code\bin;
USERNAME=HP
OS=Windows_NT
PROCESSOR_IDENTIFIER=Intel64 Family 6 Model 186 Stepping 3, GenuineIntel



---------------  S Y S T E M  ---------------

OS:
 Windows 11 , 64 bit Build 26100 (10.0.26100.4202)
OS uptime: 8 days 18:52 hours
Hyper-V role detected

CPU: total 12 (initial active 12) (6 cores per cpu, 2 threads per core) family 6 model 186 stepping 3 microcode 0x4121, cx8, cmov, fxsr, ht, mmx, 3dnowpref, sse, sse2, sse3, ssse3, sse4.1, sse4.2, popcnt, lzcnt, tsc, tscinvbit, avx, avx2, aes, erms, clmul, bmi1, bmi2, adx, sha, fma, vzeroupper, clflush, clflushopt, clwb, hv

Memory: 4k page, system-wide physical 16024M (4911M free)
TotalPageFile size 17048M (AvailPageFile size 2813M)
current process WorkingSet (physical memory assigned to process): 366M, peak: 1182M
current process commit charge ("private bytes"): 1221M, peak: 1252M

vm_info: Java HotSpot(TM) 64-Bit Server VM (17.0.12+8-LTS-286) for windows-amd64 JRE (17.0.12+8-LTS-286), built on Jun  5 2024 06:46:59 by "mach5one" with MS VC++ 17.6 (VS2022)

END.
